Chronologic VCS simulator copyright 1991-2011
Contains Synopsys proprietary information.
Compiler version F-2011.12; Runtime version F-2011.12;  Feb 26 19:32 2013
       300 KEY[1] : 1->0->1 pulse
       450 [P_IN] in.interval = 255
       600 (cpu_state:2) [ 0 0 0 0] xxxx (xxxxxxxx xxxxxxxx) 
       700 KEY[3] : 1->0->1 pulse
      1000 (cpu_state:2) [ 0 0 0 1] xxxx (xxxxxxxx xxxxxxxx) 
      1100 KEY[3] : 1->0->1 pulse
      1400 (cpu_state:2) [ 0 0 0 2] xxxx (xxxxxxxx xxxxxxxx) 
      1500 KEY[3] : 1->0->1 pulse
      1800 (cpu_state:2) [ 0 0 0 3] xxxx (xxxxxxxx xxxxxxxx) 
      1900 KEY[3] : 1->0->1 pulse
      2200 (cpu_state:2) [ 0 0 0 4] xxxx (xxxxxxxx xxxxxxxx) 
      2300 KEY[3] : 1->0->1 pulse
      2600 (cpu_state:2) [ 0 0 0 5] xxxx (xxxxxxxx xxxxxxxx) 
      2700 KEY[3] : 1->0->1 pulse
      3000 (cpu_state:2) [ 0 0 0 6] xxxx (xxxxxxxx xxxxxxxx) 
      3100 KEY[3] : 1->0->1 pulse
      3400 (cpu_state:2) [ 0 0 0 7] xxxx (xxxxxxxx xxxxxxxx) 
      3500 KEY[3] : 1->0->1 pulse
      3800 (cpu_state:2) [ 0 0 0 8] xxxx (xxxxxxxx xxxxxxxx) 
      3900 KEY[3] : 1->0->1 pulse
      4200 (cpu_state:2) [ 0 0 0 9] xxxx (xxxxxxxx xxxxxxxx) 
      4300 KEY[3] : 1->0->1 pulse
      4600 (cpu_state:2) [ 0 0 0 a] xxxx (xxxxxxxx xxxxxxxx) 
      4700 KEY[3] : 1->0->1 pulse
      5000 (cpu_state:2) [ 0 0 0 b] xxxx (xxxxxxxx xxxxxxxx) 
      5100 KEY[3] : 1->0->1 pulse
      5400 (cpu_state:2) [ 0 0 0 c] xxxx (xxxxxxxx xxxxxxxx) 
      5500 KEY[3] : 1->0->1 pulse
      5800 (cpu_state:2) [ 0 0 0 d] xxxx (xxxxxxxx xxxxxxxx) 
      5900 KEY[3] : 1->0->1 pulse
      6200 (cpu_state:2) [ 0 0 0 e] xxxx (xxxxxxxx xxxxxxxx) 
      6300 KEY[3] : 1->0->1 pulse
      6600 (cpu_state:2) [ 0 0 0 f] xxxx (xxxxxxxx xxxxxxxx) 
      6700 KEY[3] : 1->0->1 pulse
      7000 (cpu_state:2) [ 0 0 1 0] 7400 (01110100 00000000) 
      7100 KEY[3] : 1->0->1 pulse
      7400 (cpu_state:2) [ 0 0 1 1] 2023 (00100000 00100011) 
      7500 KEY[3] : 1->0->1 pulse
      7800 (cpu_state:2) [ 0 0 1 2] 7004 (01110000 00000100) 
      7900 KEY[3] : 1->0->1 pulse
      8200 (cpu_state:2) [ 0 0 1 3] 4015 (01000000 00010101) 
      8300 KEY[3] : 1->0->1 pulse
      8600 (cpu_state:2) [ 0 0 1 4] 7001 (01110000 00000001) 
      8700 KEY[3] : 1->0->1 pulse
      9000 (cpu_state:2) [ 0 0 1 5] 7080 (01110000 10000000) 
      9100 KEY[3] : 1->0->1 pulse
      9400 (cpu_state:2) [ 0 0 1 6] 3023 (00110000 00100011) 
      9500 KEY[3] : 1->0->1 pulse
      9800 (cpu_state:2) [ 0 0 1 7] 7002 (01110000 00000010) 
      9900 KEY[3] : 1->0->1 pulse
     10200 (cpu_state:2) [ 0 0 1 8] 401d (01000000 00011101) 
     10300 KEY[3] : 1->0->1 pulse
     10600 (cpu_state:2) [ 0 0 1 9] 2022 (00100000 00100010) 
     10700 KEY[3] : 1->0->1 pulse
     11000 (cpu_state:2) [ 0 0 1 a] 7040 (01110000 01000000) 
     11100 KEY[3] : 1->0->1 pulse
     11400 (cpu_state:2) [ 0 0 1 b] 3022 (00110000 00100010) 
     11500 KEY[3] : 1->0->1 pulse
     11800 (cpu_state:2) [ 0 0 1 c] 4010 (01000000 00010000) 
     11900 KEY[3] : 1->0->1 pulse
     12200 (cpu_state:2) [ 0 0 1 d] 2022 (00100000 00100010) 
     12300 KEY[3] : 1->0->1 pulse
     12600 (cpu_state:2) [ 0 0 1 e] 1024 (00010000 00100100) 
     12700 KEY[3] : 1->0->1 pulse
     13000 (cpu_state:2) [ 0 0 1 f] 3024 (00110000 00100100) 
     13100 KEY[3] : 1->0->1 pulse
     13400 (cpu_state:2) [ 0 0 2 0] 7400 (01110100 00000000) 
     13500 KEY[3] : 1->0->1 pulse
     13800 (cpu_state:2) [ 0 0 2 1] 4019 (01000000 00011001) 
     13900 KEY[3] : 1->0->1 pulse
     14200 (cpu_state:2) [ 0 0 2 2] ffba (11111111 10111010) 
     14300 KEY[3] : 1->0->1 pulse
     14600 (cpu_state:2) [ 0 0 2 3] 006f (00000000 01101111) 
     14700 KEY[3] : 1->0->1 pulse
     15000 (cpu_state:2) [ 0 0 2 4] 0000 (00000000 00000000) 
     15100 KEY[3] : 1->0->1 pulse
     15500 KEY[1] : 1->0->1 pulse
----------------- new insn ---------------------
     15600 [    1 insns,     1 clks] SC(0),S(1),R(0),IO(0:0000:0|0:00|3:00),AR(010),DR(xxxx),AC(xxxx),E(0),PC(010),IR(xxxx: ???      )
     15700 [    1 insns,     2 clks] SC(1),S(1),R(0),IO(0:0000:0|0:00|3:00),AR(010),DR(xxxx),AC(xxxx),E(0),PC(010),IR(xxxx: ???      )
     15800 [    1 insns,     3 clks] SC(2),S(1),R(0),IO(0:0000:0|0:00|3:00),AR(010),DR(xxxx),AC(xxxx),E(0),PC(011),IR(7400: CLE      )
     15900 [    1 insns,     4 clks] SC(3),S(1),R(0),IO(0:0000:0|0:00|3:00),AR(400),DR(xxxx),AC(xxxx),E(0),PC(011),IR(7400: CLE      )
----------------- new insn ---------------------
     16000 [    2 insns,     5 clks] SC(0),S(1),R(0),IO(0:0000:0|0:00|3:00),AR(400),DR(xxxx),AC(xxxx),E(0),PC(011),IR(7400: CLE      )
     16100 [    2 insns,     6 clks] SC(1),S(1),R(0),IO(0:0000:0|0:00|3:00),AR(011),DR(xxxx),AC(xxxx),E(0),PC(011),IR(7400: CLE      )
     16200 [    2 insns,     7 clks] SC(2),S(1),R(0),IO(0:0000:0|0:00|3:00),AR(011),DR(xxxx),AC(xxxx),E(0),PC(012),IR(2023: LDA 023  )
     16300 [    2 insns,     8 clks] SC(3),S(1),R(0),IO(0:0000:0|0:00|3:00),AR(023),DR(xxxx),AC(xxxx),E(0),PC(012),IR(2023: LDA 023  )
     16400 [    2 insns,     9 clks] SC(4),S(1),R(0),IO(0:0000:0|0:00|3:00),AR(023),DR(xxxx),AC(xxxx),E(0),PC(012),IR(2023: LDA 023  )
     16500 [    2 insns,    10 clks] SC(5),S(1),R(0),IO(0:0000:0|0:00|3:00),AR(023),DR(006f),AC(xxxx),E(0),PC(012),IR(2023: LDA 023  )
----------------- new insn ---------------------
     16600 [    3 insns,    11 clks] SC(0),S(1),R(0),IO(0:0000:0|0:00|3:00),AR(023),DR(006f),AC(006f),E(0),PC(012),IR(2023: LDA 023  )
     16700 [    3 insns,    12 clks] SC(1),S(1),R(0),IO(0:0000:0|0:00|3:00),AR(012),DR(006f),AC(006f),E(0),PC(012),IR(2023: LDA 023  )
     16800 [    3 insns,    13 clks] SC(2),S(1),R(0),IO(0:0000:0|0:00|3:00),AR(012),DR(006f),AC(006f),E(0),PC(013),IR(7004: SZA      )
     16900 [    3 insns,    14 clks] SC(3),S(1),R(0),IO(0:0000:0|0:00|3:00),AR(004),DR(006f),AC(006f),E(0),PC(013),IR(7004: SZA      )
----------------- new insn ---------------------
     17000 [    4 insns,    15 clks] SC(0),S(1),R(0),IO(0:0000:0|0:00|3:00),AR(004),DR(006f),AC(006f),E(0),PC(013),IR(7004: SZA      )
     17100 [    4 insns,    16 clks] SC(1),S(1),R(0),IO(0:0000:0|0:00|3:00),AR(013),DR(006f),AC(006f),E(0),PC(013),IR(7004: SZA      )
     17200 [    4 insns,    17 clks] SC(2),S(1),R(0),IO(0:0000:0|0:00|3:00),AR(013),DR(006f),AC(006f),E(0),PC(014),IR(4015: BUN 015  )
     17300 [    4 insns,    18 clks] SC(3),S(1),R(0),IO(0:0000:0|0:00|3:00),AR(015),DR(006f),AC(006f),E(0),PC(014),IR(4015: BUN 015  )
     17400 [    4 insns,    19 clks] SC(4),S(1),R(0),IO(0:0000:0|0:00|3:00),AR(015),DR(006f),AC(006f),E(0),PC(014),IR(4015: BUN 015  )
----------------- new insn ---------------------
     17500 [    5 insns,    20 clks] SC(0),S(1),R(0),IO(0:0000:0|0:00|3:00),AR(015),DR(006f),AC(006f),E(0),PC(015),IR(4015: BUN 015  )
     17600 [    5 insns,    21 clks] SC(1),S(1),R(0),IO(0:0000:0|0:00|3:00),AR(015),DR(006f),AC(006f),E(0),PC(015),IR(4015: BUN 015  )
     17700 [    5 insns,    22 clks] SC(2),S(1),R(0),IO(0:0000:0|0:00|3:00),AR(015),DR(006f),AC(006f),E(0),PC(016),IR(7080: CIR      )
     17800 [    5 insns,    23 clks] SC(3),S(1),R(0),IO(0:0000:0|0:00|3:00),AR(080),DR(006f),AC(006f),E(0),PC(016),IR(7080: CIR      )
----------------- new insn ---------------------
     17900 [    6 insns,    24 clks] SC(0),S(1),R(0),IO(0:0000:0|0:00|3:00),AR(080),DR(006f),AC(0037),E(1),PC(016),IR(7080: CIR      )
     18000 [    6 insns,    25 clks] SC(1),S(1),R(0),IO(0:0000:0|0:00|3:00),AR(016),DR(006f),AC(0037),E(1),PC(016),IR(7080: CIR      )
     18100 [    6 insns,    26 clks] SC(2),S(1),R(0),IO(0:0000:0|0:00|3:00),AR(016),DR(006f),AC(0037),E(1),PC(017),IR(3023: STA 023  )
     18200 [    6 insns,    27 clks] SC(3),S(1),R(0),IO(0:0000:0|0:00|3:00),AR(023),DR(006f),AC(0037),E(1),PC(017),IR(3023: STA 023  )
     18300 [    6 insns,    28 clks] SC(4),S(1),R(0),IO(0:0000:0|0:00|3:00),AR(023),DR(006f),AC(0037),E(1),PC(017),IR(3023: STA 023  )
----------------- new insn ---------------------
     18400 [    7 insns,    29 clks] SC(0),S(1),R(0),IO(0:0000:0|0:00|3:00),AR(023),DR(006f),AC(0037),E(1),PC(017),IR(3023: STA 023  )
     18500 [    7 insns,    30 clks] SC(1),S(1),R(0),IO(0:0000:0|0:00|3:00),AR(017),DR(006f),AC(0037),E(1),PC(017),IR(3023: STA 023  )
     18600 [    7 insns,    31 clks] SC(2),S(1),R(0),IO(0:0000:0|0:00|3:00),AR(017),DR(006f),AC(0037),E(1),PC(018),IR(7002: SZE      )
     18700 [    7 insns,    32 clks] SC(3),S(1),R(0),IO(0:0000:0|0:00|3:00),AR(002),DR(006f),AC(0037),E(1),PC(018),IR(7002: SZE      )
----------------- new insn ---------------------
     18800 [    8 insns,    33 clks] SC(0),S(1),R(0),IO(0:0000:0|0:00|3:00),AR(002),DR(006f),AC(0037),E(1),PC(018),IR(7002: SZE      )
     18900 [    8 insns,    34 clks] SC(1),S(1),R(0),IO(0:0000:0|0:00|3:00),AR(018),DR(006f),AC(0037),E(1),PC(018),IR(7002: SZE      )
     19000 [    8 insns,    35 clks] SC(2),S(1),R(0),IO(0:0000:0|0:00|3:00),AR(018),DR(006f),AC(0037),E(1),PC(019),IR(401d: BUN 01d  )
     19100 [    8 insns,    36 clks] SC(3),S(1),R(0),IO(0:0000:0|0:00|3:00),AR(01d),DR(006f),AC(0037),E(1),PC(019),IR(401d: BUN 01d  )
     19200 [    8 insns,    37 clks] SC(4),S(1),R(0),IO(0:0000:0|0:00|3:00),AR(01d),DR(006f),AC(0037),E(1),PC(019),IR(401d: BUN 01d  )
----------------- new insn ---------------------
     19300 [    9 insns,    38 clks] SC(0),S(1),R(0),IO(0:0000:0|0:00|3:00),AR(01d),DR(006f),AC(0037),E(1),PC(01d),IR(401d: BUN 01d  )
     19400 [    9 insns,    39 clks] SC(1),S(1),R(0),IO(0:0000:0|0:00|3:00),AR(01d),DR(006f),AC(0037),E(1),PC(01d),IR(401d: BUN 01d  )
     19500 [    9 insns,    40 clks] SC(2),S(1),R(0),IO(0:0000:0|0:00|3:00),AR(01d),DR(006f),AC(0037),E(1),PC(01e),IR(2022: LDA 022  )
     19600 [    9 insns,    41 clks] SC(3),S(1),R(0),IO(0:0000:0|0:00|3:00),AR(022),DR(006f),AC(0037),E(1),PC(01e),IR(2022: LDA 022  )
     19700 [    9 insns,    42 clks] SC(4),S(1),R(0),IO(0:0000:0|0:00|3:00),AR(022),DR(006f),AC(0037),E(1),PC(01e),IR(2022: LDA 022  )
     19800 [    9 insns,    43 clks] SC(5),S(1),R(0),IO(0:0000:0|0:00|3:00),AR(022),DR(ffba),AC(0037),E(1),PC(01e),IR(2022: LDA 022  )
----------------- new insn ---------------------
     19900 [   10 insns,    44 clks] SC(0),S(1),R(0),IO(0:0000:0|0:00|3:00),AR(022),DR(ffba),AC(ffba),E(1),PC(01e),IR(2022: LDA 022  )
     20000 [   10 insns,    45 clks] SC(1),S(1),R(0),IO(0:0000:0|0:00|3:00),AR(01e),DR(ffba),AC(ffba),E(1),PC(01e),IR(2022: LDA 022  )
     20100 [   10 insns,    46 clks] SC(2),S(1),R(0),IO(0:0000:0|0:00|3:00),AR(01e),DR(ffba),AC(ffba),E(1),PC(01f),IR(1024: ADD 024  )
     20200 [   10 insns,    47 clks] SC(3),S(1),R(0),IO(0:0000:0|0:00|3:00),AR(024),DR(ffba),AC(ffba),E(1),PC(01f),IR(1024: ADD 024  )
     20300 [   10 insns,    48 clks] SC(4),S(1),R(0),IO(0:0000:0|0:00|3:00),AR(024),DR(ffba),AC(ffba),E(1),PC(01f),IR(1024: ADD 024  )
     20400 [   10 insns,    49 clks] SC(5),S(1),R(0),IO(0:0000:0|0:00|3:00),AR(024),DR(0000),AC(ffba),E(1),PC(01f),IR(1024: ADD 024  )
----------------- new insn ---------------------
     20500 [   11 insns,    50 clks] SC(0),S(1),R(0),IO(0:0000:0|0:00|3:00),AR(024),DR(0000),AC(ffba),E(0),PC(01f),IR(1024: ADD 024  )
     20600 [   11 insns,    51 clks] SC(1),S(1),R(0),IO(0:0000:0|0:00|3:00),AR(01f),DR(0000),AC(ffba),E(0),PC(01f),IR(1024: ADD 024  )
     20700 [   11 insns,    52 clks] SC(2),S(1),R(0),IO(0:0000:0|0:00|3:00),AR(01f),DR(0000),AC(ffba),E(0),PC(020),IR(3024: STA 024  )
     20800 [   11 insns,    53 clks] SC(3),S(1),R(0),IO(0:0000:0|0:00|3:00),AR(024),DR(0000),AC(ffba),E(0),PC(020),IR(3024: STA 024  )
     20900 [   11 insns,    54 clks] SC(4),S(1),R(0),IO(0:0000:0|0:00|3:00),AR(024),DR(0000),AC(ffba),E(0),PC(020),IR(3024: STA 024  )
----------------- new insn ---------------------
     21000 [   12 insns,    55 clks] SC(0),S(1),R(0),IO(0:0000:0|0:00|3:00),AR(024),DR(0000),AC(ffba),E(0),PC(020),IR(3024: STA 024  )
     21100 [   12 insns,    56 clks] SC(1),S(1),R(0),IO(0:0000:0|0:00|3:00),AR(020),DR(0000),AC(ffba),E(0),PC(020),IR(3024: STA 024  )
     21200 [   12 insns,    57 clks] SC(2),S(1),R(0),IO(0:0000:0|0:00|3:00),AR(020),DR(0000),AC(ffba),E(0),PC(021),IR(7400: CLE      )
     21300 [   12 insns,    58 clks] SC(3),S(1),R(0),IO(0:0000:0|0:00|3:00),AR(400),DR(0000),AC(ffba),E(0),PC(021),IR(7400: CLE      )
----------------- new insn ---------------------
     21400 [   13 insns,    59 clks] SC(0),S(1),R(0),IO(0:0000:0|0:00|3:00),AR(400),DR(0000),AC(ffba),E(0),PC(021),IR(7400: CLE      )
     21500 [   13 insns,    60 clks] SC(1),S(1),R(0),IO(0:0000:0|0:00|3:00),AR(021),DR(0000),AC(ffba),E(0),PC(021),IR(7400: CLE      )
     21600 [   13 insns,    61 clks] SC(2),S(1),R(0),IO(0:0000:0|0:00|3:00),AR(021),DR(0000),AC(ffba),E(0),PC(022),IR(4019: BUN 019  )
     21700 [   13 insns,    62 clks] SC(3),S(1),R(0),IO(0:0000:0|0:00|3:00),AR(019),DR(0000),AC(ffba),E(0),PC(022),IR(4019: BUN 019  )
     21800 [   13 insns,    63 clks] SC(4),S(1),R(0),IO(0:0000:0|0:00|3:00),AR(019),DR(0000),AC(ffba),E(0),PC(022),IR(4019: BUN 019  )
----------------- new insn ---------------------
     21900 [   14 insns,    64 clks] SC(0),S(1),R(0),IO(0:0000:0|0:00|3:00),AR(019),DR(0000),AC(ffba),E(0),PC(019),IR(4019: BUN 019  )
     22000 [   14 insns,    65 clks] SC(1),S(1),R(0),IO(0:0000:0|0:00|3:00),AR(019),DR(0000),AC(ffba),E(0),PC(019),IR(4019: BUN 019  )
     22100 [   14 insns,    66 clks] SC(2),S(1),R(0),IO(0:0000:0|0:00|3:00),AR(019),DR(0000),AC(ffba),E(0),PC(01a),IR(2022: LDA 022  )
     22200 [   14 insns,    67 clks] SC(3),S(1),R(0),IO(0:0000:0|0:00|3:00),AR(022),DR(0000),AC(ffba),E(0),PC(01a),IR(2022: LDA 022  )
     22300 [   14 insns,    68 clks] SC(4),S(1),R(0),IO(0:0000:0|0:00|3:00),AR(022),DR(0000),AC(ffba),E(0),PC(01a),IR(2022: LDA 022  )
     22400 [   14 insns,    69 clks] SC(5),S(1),R(0),IO(0:0000:0|0:00|3:00),AR(022),DR(ffba),AC(ffba),E(0),PC(01a),IR(2022: LDA 022  )
----------------- new insn ---------------------
     22500 [   15 insns,    70 clks] SC(0),S(1),R(0),IO(0:0000:0|0:00|3:00),AR(022),DR(ffba),AC(ffba),E(0),PC(01a),IR(2022: LDA 022  )
     22600 [   15 insns,    71 clks] SC(1),S(1),R(0),IO(0:0000:0|0:00|3:00),AR(01a),DR(ffba),AC(ffba),E(0),PC(01a),IR(2022: LDA 022  )
     22700 [   15 insns,    72 clks] SC(2),S(1),R(0),IO(0:0000:0|0:00|3:00),AR(01a),DR(ffba),AC(ffba),E(0),PC(01b),IR(7040: CIL      )
     22800 [   15 insns,    73 clks] SC(3),S(1),R(0),IO(0:0000:0|0:00|3:00),AR(040),DR(ffba),AC(ffba),E(0),PC(01b),IR(7040: CIL      )
----------------- new insn ---------------------
     22900 [   16 insns,    74 clks] SC(0),S(1),R(0),IO(0:0000:0|0:00|3:00),AR(040),DR(ffba),AC(ff74),E(1),PC(01b),IR(7040: CIL      )
     23000 [   16 insns,    75 clks] SC(1),S(1),R(0),IO(0:0000:0|0:00|3:00),AR(01b),DR(ffba),AC(ff74),E(1),PC(01b),IR(7040: CIL      )
     23100 [   16 insns,    76 clks] SC(2),S(1),R(0),IO(0:0000:0|0:00|3:00),AR(01b),DR(ffba),AC(ff74),E(1),PC(01c),IR(3022: STA 022  )
     23200 [   16 insns,    77 clks] SC(3),S(1),R(0),IO(0:0000:0|0:00|3:00),AR(022),DR(ffba),AC(ff74),E(1),PC(01c),IR(3022: STA 022  )
     23300 [   16 insns,    78 clks] SC(4),S(1),R(0),IO(0:0000:0|0:00|3:00),AR(022),DR(ffba),AC(ff74),E(1),PC(01c),IR(3022: STA 022  )
----------------- new insn ---------------------
     23400 [   17 insns,    79 clks] SC(0),S(1),R(0),IO(0:0000:0|0:00|3:00),AR(022),DR(ffba),AC(ff74),E(1),PC(01c),IR(3022: STA 022  )
     23500 [   17 insns,    80 clks] SC(1),S(1),R(0),IO(0:0000:0|0:00|3:00),AR(01c),DR(ffba),AC(ff74),E(1),PC(01c),IR(3022: STA 022  )
     23600 [   17 insns,    81 clks] SC(2),S(1),R(0),IO(0:0000:0|0:00|3:00),AR(01c),DR(ffba),AC(ff74),E(1),PC(01d),IR(4010: BUN 010  )
     23700 [   17 insns,    82 clks] SC(3),S(1),R(0),IO(0:0000:0|0:00|3:00),AR(010),DR(ffba),AC(ff74),E(1),PC(01d),IR(4010: BUN 010  )
     23800 [   17 insns,    83 clks] SC(4),S(1),R(0),IO(0:0000:0|0:00|3:00),AR(010),DR(ffba),AC(ff74),E(1),PC(01d),IR(4010: BUN 010  )
----------------- new insn ---------------------
     23900 [   18 insns,    84 clks] SC(0),S(1),R(0),IO(0:0000:0|0:00|3:00),AR(010),DR(ffba),AC(ff74),E(1),PC(010),IR(4010: BUN 010  )
     24000 [   18 insns,    85 clks] SC(1),S(1),R(0),IO(0:0000:0|0:00|3:00),AR(010),DR(ffba),AC(ff74),E(1),PC(010),IR(4010: BUN 010  )
     24100 [   18 insns,    86 clks] SC(2),S(1),R(0),IO(0:0000:0|0:00|3:00),AR(010),DR(ffba),AC(ff74),E(1),PC(011),IR(7400: CLE      )
     24200 [   18 insns,    87 clks] SC(3),S(1),R(0),IO(0:0000:0|0:00|3:00),AR(400),DR(ffba),AC(ff74),E(1),PC(011),IR(7400: CLE      )
----------------- new insn ---------------------
     24300 [   19 insns,    88 clks] SC(0),S(1),R(0),IO(0:0000:0|0:00|3:00),AR(400),DR(ffba),AC(ff74),E(0),PC(011),IR(7400: CLE      )
     24400 [   19 insns,    89 clks] SC(1),S(1),R(0),IO(0:0000:0|0:00|3:00),AR(011),DR(ffba),AC(ff74),E(0),PC(011),IR(7400: CLE      )
     24500 [   19 insns,    90 clks] SC(2),S(1),R(0),IO(0:0000:0|0:00|3:00),AR(011),DR(ffba),AC(ff74),E(0),PC(012),IR(2023: LDA 023  )
     24600 [   19 insns,    91 clks] SC(3),S(1),R(0),IO(0:0000:0|0:00|3:00),AR(023),DR(ffba),AC(ff74),E(0),PC(012),IR(2023: LDA 023  )
     24700 [   19 insns,    92 clks] SC(4),S(1),R(0),IO(0:0000:0|0:00|3:00),AR(023),DR(ffba),AC(ff74),E(0),PC(012),IR(2023: LDA 023  )
     24800 [   19 insns,    93 clks] SC(5),S(1),R(0),IO(0:0000:0|0:00|3:00),AR(023),DR(0037),AC(ff74),E(0),PC(012),IR(2023: LDA 023  )
----------------- new insn ---------------------
     24900 [   20 insns,    94 clks] SC(0),S(1),R(0),IO(0:0000:0|0:00|3:00),AR(023),DR(0037),AC(0037),E(0),PC(012),IR(2023: LDA 023  )
     25000 [   20 insns,    95 clks] SC(1),S(1),R(0),IO(0:0000:0|0:00|3:00),AR(012),DR(0037),AC(0037),E(0),PC(012),IR(2023: LDA 023  )
     25100 [   20 insns,    96 clks] SC(2),S(1),R(0),IO(0:0000:0|0:00|3:00),AR(012),DR(0037),AC(0037),E(0),PC(013),IR(7004: SZA      )
     25200 [   20 insns,    97 clks] SC(3),S(1),R(0),IO(0:0000:0|0:00|3:00),AR(004),DR(0037),AC(0037),E(0),PC(013),IR(7004: SZA      )
----------------- new insn ---------------------
     25300 [   21 insns,    98 clks] SC(0),S(1),R(0),IO(0:0000:0|0:00|3:00),AR(004),DR(0037),AC(0037),E(0),PC(013),IR(7004: SZA      )
     25400 [   21 insns,    99 clks] SC(1),S(1),R(0),IO(0:0000:0|0:00|3:00),AR(013),DR(0037),AC(0037),E(0),PC(013),IR(7004: SZA      )
     25500 [   21 insns,   100 clks] SC(2),S(1),R(0),IO(0:0000:0|0:00|3:00),AR(013),DR(0037),AC(0037),E(0),PC(014),IR(4015: BUN 015  )
     25600 [   21 insns,   101 clks] SC(3),S(1),R(0),IO(0:0000:0|0:00|3:00),AR(015),DR(0037),AC(0037),E(0),PC(014),IR(4015: BUN 015  )
     25700 [   21 insns,   102 clks] SC(4),S(1),R(0),IO(0:0000:0|0:00|3:00),AR(015),DR(0037),AC(0037),E(0),PC(014),IR(4015: BUN 015  )
----------------- new insn ---------------------
     25800 [   22 insns,   103 clks] SC(0),S(1),R(0),IO(0:0000:0|0:00|3:00),AR(015),DR(0037),AC(0037),E(0),PC(015),IR(4015: BUN 015  )
     25900 [   22 insns,   104 clks] SC(1),S(1),R(0),IO(0:0000:0|0:00|3:00),AR(015),DR(0037),AC(0037),E(0),PC(015),IR(4015: BUN 015  )
     26000 [   22 insns,   105 clks] SC(2),S(1),R(0),IO(0:0000:0|0:00|3:00),AR(015),DR(0037),AC(0037),E(0),PC(016),IR(7080: CIR      )
     26100 [   22 insns,   106 clks] SC(3),S(1),R(0),IO(0:0000:0|0:00|3:00),AR(080),DR(0037),AC(0037),E(0),PC(016),IR(7080: CIR      )
----------------- new insn ---------------------
     26200 [   23 insns,   107 clks] SC(0),S(1),R(0),IO(0:0000:0|0:00|3:00),AR(080),DR(0037),AC(001b),E(1),PC(016),IR(7080: CIR      )
     26300 [   23 insns,   108 clks] SC(1),S(1),R(0),IO(0:0000:0|0:00|3:00),AR(016),DR(0037),AC(001b),E(1),PC(016),IR(7080: CIR      )
     26400 [   23 insns,   109 clks] SC(2),S(1),R(0),IO(0:0000:0|0:00|3:00),AR(016),DR(0037),AC(001b),E(1),PC(017),IR(3023: STA 023  )
     26500 [   23 insns,   110 clks] SC(3),S(1),R(0),IO(0:0000:0|0:00|3:00),AR(023),DR(0037),AC(001b),E(1),PC(017),IR(3023: STA 023  )
     26600 [   23 insns,   111 clks] SC(4),S(1),R(0),IO(0:0000:0|0:00|3:00),AR(023),DR(0037),AC(001b),E(1),PC(017),IR(3023: STA 023  )
----------------- new insn ---------------------
     26700 [   24 insns,   112 clks] SC(0),S(1),R(0),IO(0:0000:0|0:00|3:00),AR(023),DR(0037),AC(001b),E(1),PC(017),IR(3023: STA 023  )
     26800 [   24 insns,   113 clks] SC(1),S(1),R(0),IO(0:0000:0|0:00|3:00),AR(017),DR(0037),AC(001b),E(1),PC(017),IR(3023: STA 023  )
     26900 [   24 insns,   114 clks] SC(2),S(1),R(0),IO(0:0000:0|0:00|3:00),AR(017),DR(0037),AC(001b),E(1),PC(018),IR(7002: SZE      )
     27000 [   24 insns,   115 clks] SC(3),S(1),R(0),IO(0:0000:0|0:00|3:00),AR(002),DR(0037),AC(001b),E(1),PC(018),IR(7002: SZE      )
----------------- new insn ---------------------
     27100 [   25 insns,   116 clks] SC(0),S(1),R(0),IO(0:0000:0|0:00|3:00),AR(002),DR(0037),AC(001b),E(1),PC(018),IR(7002: SZE      )
     27200 [   25 insns,   117 clks] SC(1),S(1),R(0),IO(0:0000:0|0:00|3:00),AR(018),DR(0037),AC(001b),E(1),PC(018),IR(7002: SZE      )
     27300 [   25 insns,   118 clks] SC(2),S(1),R(0),IO(0:0000:0|0:00|3:00),AR(018),DR(0037),AC(001b),E(1),PC(019),IR(401d: BUN 01d  )
     27400 [   25 insns,   119 clks] SC(3),S(1),R(0),IO(0:0000:0|0:00|3:00),AR(01d),DR(0037),AC(001b),E(1),PC(019),IR(401d: BUN 01d  )
     27500 [   25 insns,   120 clks] SC(4),S(1),R(0),IO(0:0000:0|0:00|3:00),AR(01d),DR(0037),AC(001b),E(1),PC(019),IR(401d: BUN 01d  )
----------------- new insn ---------------------
     27600 [   26 insns,   121 clks] SC(0),S(1),R(0),IO(0:0000:0|0:00|3:00),AR(01d),DR(0037),AC(001b),E(1),PC(01d),IR(401d: BUN 01d  )
     27700 [   26 insns,   122 clks] SC(1),S(1),R(0),IO(0:0000:0|0:00|3:00),AR(01d),DR(0037),AC(001b),E(1),PC(01d),IR(401d: BUN 01d  )
     27800 [   26 insns,   123 clks] SC(2),S(1),R(0),IO(0:0000:0|0:00|3:00),AR(01d),DR(0037),AC(001b),E(1),PC(01e),IR(2022: LDA 022  )
     27900 [   26 insns,   124 clks] SC(3),S(1),R(0),IO(0:0000:0|0:00|3:00),AR(022),DR(0037),AC(001b),E(1),PC(01e),IR(2022: LDA 022  )
     28000 [   26 insns,   125 clks] SC(4),S(1),R(0),IO(0:0000:0|0:00|3:00),AR(022),DR(0037),AC(001b),E(1),PC(01e),IR(2022: LDA 022  )
     28100 [   26 insns,   126 clks] SC(5),S(1),R(0),IO(0:0000:0|0:00|3:00),AR(022),DR(ff74),AC(001b),E(1),PC(01e),IR(2022: LDA 022  )
----------------- new insn ---------------------
     28200 [   27 insns,   127 clks] SC(0),S(1),R(0),IO(0:0000:0|0:00|3:00),AR(022),DR(ff74),AC(ff74),E(1),PC(01e),IR(2022: LDA 022  )
     28300 [   27 insns,   128 clks] SC(1),S(1),R(0),IO(0:0000:0|0:00|3:00),AR(01e),DR(ff74),AC(ff74),E(1),PC(01e),IR(2022: LDA 022  )
     28400 [   27 insns,   129 clks] SC(2),S(1),R(0),IO(0:0000:0|0:00|3:00),AR(01e),DR(ff74),AC(ff74),E(1),PC(01f),IR(1024: ADD 024  )
     28500 [   27 insns,   130 clks] SC(3),S(1),R(0),IO(0:0000:0|0:00|3:00),AR(024),DR(ff74),AC(ff74),E(1),PC(01f),IR(1024: ADD 024  )
     28600 [   27 insns,   131 clks] SC(4),S(1),R(0),IO(0:0000:0|0:00|3:00),AR(024),DR(ff74),AC(ff74),E(1),PC(01f),IR(1024: ADD 024  )
     28700 [   27 insns,   132 clks] SC(5),S(1),R(0),IO(0:0000:0|0:00|3:00),AR(024),DR(ffba),AC(ff74),E(1),PC(01f),IR(1024: ADD 024  )
----------------- new insn ---------------------
     28800 [   28 insns,   133 clks] SC(0),S(1),R(0),IO(0:0000:0|0:00|3:00),AR(024),DR(ffba),AC(ff2e),E(1),PC(01f),IR(1024: ADD 024  )
     28900 [   28 insns,   134 clks] SC(1),S(1),R(0),IO(0:0000:0|0:00|3:00),AR(01f),DR(ffba),AC(ff2e),E(1),PC(01f),IR(1024: ADD 024  )
     29000 [   28 insns,   135 clks] SC(2),S(1),R(0),IO(0:0000:0|0:00|3:00),AR(01f),DR(ffba),AC(ff2e),E(1),PC(020),IR(3024: STA 024  )
     29100 [   28 insns,   136 clks] SC(3),S(1),R(0),IO(0:0000:0|0:00|3:00),AR(024),DR(ffba),AC(ff2e),E(1),PC(020),IR(3024: STA 024  )
     29200 [   28 insns,   137 clks] SC(4),S(1),R(0),IO(0:0000:0|0:00|3:00),AR(024),DR(ffba),AC(ff2e),E(1),PC(020),IR(3024: STA 024  )
----------------- new insn ---------------------
     29300 [   29 insns,   138 clks] SC(0),S(1),R(0),IO(0:0000:0|0:00|3:00),AR(024),DR(ffba),AC(ff2e),E(1),PC(020),IR(3024: STA 024  )
     29400 [   29 insns,   139 clks] SC(1),S(1),R(0),IO(0:0000:0|0:00|3:00),AR(020),DR(ffba),AC(ff2e),E(1),PC(020),IR(3024: STA 024  )
     29500 [   29 insns,   140 clks] SC(2),S(1),R(0),IO(0:0000:0|0:00|3:00),AR(020),DR(ffba),AC(ff2e),E(1),PC(021),IR(7400: CLE      )
     29600 [   29 insns,   141 clks] SC(3),S(1),R(0),IO(0:0000:0|0:00|3:00),AR(400),DR(ffba),AC(ff2e),E(1),PC(021),IR(7400: CLE      )
----------------- new insn ---------------------
     29700 [   30 insns,   142 clks] SC(0),S(1),R(0),IO(0:0000:0|0:00|3:00),AR(400),DR(ffba),AC(ff2e),E(0),PC(021),IR(7400: CLE      )
     29800 [   30 insns,   143 clks] SC(1),S(1),R(0),IO(0:0000:0|0:00|3:00),AR(021),DR(ffba),AC(ff2e),E(0),PC(021),IR(7400: CLE      )
     29900 [   30 insns,   144 clks] SC(2),S(1),R(0),IO(0:0000:0|0:00|3:00),AR(021),DR(ffba),AC(ff2e),E(0),PC(022),IR(4019: BUN 019  )
     30000 [   30 insns,   145 clks] SC(3),S(1),R(0),IO(0:0000:0|0:00|3:00),AR(019),DR(ffba),AC(ff2e),E(0),PC(022),IR(4019: BUN 019  )
     30100 [   30 insns,   146 clks] SC(4),S(1),R(0),IO(0:0000:0|0:00|3:00),AR(019),DR(ffba),AC(ff2e),E(0),PC(022),IR(4019: BUN 019  )
----------------- new insn ---------------------
     30200 [   31 insns,   147 clks] SC(0),S(1),R(0),IO(0:0000:0|0:00|3:00),AR(019),DR(ffba),AC(ff2e),E(0),PC(019),IR(4019: BUN 019  )
     30300 [   31 insns,   148 clks] SC(1),S(1),R(0),IO(0:0000:0|0:00|3:00),AR(019),DR(ffba),AC(ff2e),E(0),PC(019),IR(4019: BUN 019  )
     30400 [   31 insns,   149 clks] SC(2),S(1),R(0),IO(0:0000:0|0:00|3:00),AR(019),DR(ffba),AC(ff2e),E(0),PC(01a),IR(2022: LDA 022  )
     30500 [   31 insns,   150 clks] SC(3),S(1),R(0),IO(0:0000:0|0:00|3:00),AR(022),DR(ffba),AC(ff2e),E(0),PC(01a),IR(2022: LDA 022  )
     30600 [   31 insns,   151 clks] SC(4),S(1),R(0),IO(0:0000:0|0:00|3:00),AR(022),DR(ffba),AC(ff2e),E(0),PC(01a),IR(2022: LDA 022  )
     30700 [   31 insns,   152 clks] SC(5),S(1),R(0),IO(0:0000:0|0:00|3:00),AR(022),DR(ff74),AC(ff2e),E(0),PC(01a),IR(2022: LDA 022  )
----------------- new insn ---------------------
     30800 [   32 insns,   153 clks] SC(0),S(1),R(0),IO(0:0000:0|0:00|3:00),AR(022),DR(ff74),AC(ff74),E(0),PC(01a),IR(2022: LDA 022  )
     30900 [   32 insns,   154 clks] SC(1),S(1),R(0),IO(0:0000:0|0:00|3:00),AR(01a),DR(ff74),AC(ff74),E(0),PC(01a),IR(2022: LDA 022  )
     31000 [   32 insns,   155 clks] SC(2),S(1),R(0),IO(0:0000:0|0:00|3:00),AR(01a),DR(ff74),AC(ff74),E(0),PC(01b),IR(7040: CIL      )
     31100 [   32 insns,   156 clks] SC(3),S(1),R(0),IO(0:0000:0|0:00|3:00),AR(040),DR(ff74),AC(ff74),E(0),PC(01b),IR(7040: CIL      )
----------------- new insn ---------------------
     31200 [   33 insns,   157 clks] SC(0),S(1),R(0),IO(0:0000:0|0:00|3:00),AR(040),DR(ff74),AC(fee8),E(1),PC(01b),IR(7040: CIL      )
     31300 [   33 insns,   158 clks] SC(1),S(1),R(0),IO(0:0000:0|0:00|3:00),AR(01b),DR(ff74),AC(fee8),E(1),PC(01b),IR(7040: CIL      )
     31400 [   33 insns,   159 clks] SC(2),S(1),R(0),IO(0:0000:0|0:00|3:00),AR(01b),DR(ff74),AC(fee8),E(1),PC(01c),IR(3022: STA 022  )
     31500 [   33 insns,   160 clks] SC(3),S(1),R(0),IO(0:0000:0|0:00|3:00),AR(022),DR(ff74),AC(fee8),E(1),PC(01c),IR(3022: STA 022  )
     31600 [   33 insns,   161 clks] SC(4),S(1),R(0),IO(0:0000:0|0:00|3:00),AR(022),DR(ff74),AC(fee8),E(1),PC(01c),IR(3022: STA 022  )
----------------- new insn ---------------------
     31700 [   34 insns,   162 clks] SC(0),S(1),R(0),IO(0:0000:0|0:00|3:00),AR(022),DR(ff74),AC(fee8),E(1),PC(01c),IR(3022: STA 022  )
     31800 [   34 insns,   163 clks] SC(1),S(1),R(0),IO(0:0000:0|0:00|3:00),AR(01c),DR(ff74),AC(fee8),E(1),PC(01c),IR(3022: STA 022  )
     31900 [   34 insns,   164 clks] SC(2),S(1),R(0),IO(0:0000:0|0:00|3:00),AR(01c),DR(ff74),AC(fee8),E(1),PC(01d),IR(4010: BUN 010  )
     32000 [   34 insns,   165 clks] SC(3),S(1),R(0),IO(0:0000:0|0:00|3:00),AR(010),DR(ff74),AC(fee8),E(1),PC(01d),IR(4010: BUN 010  )
     32100 [   34 insns,   166 clks] SC(4),S(1),R(0),IO(0:0000:0|0:00|3:00),AR(010),DR(ff74),AC(fee8),E(1),PC(01d),IR(4010: BUN 010  )
----------------- new insn ---------------------
     32200 [   35 insns,   167 clks] SC(0),S(1),R(0),IO(0:0000:0|0:00|3:00),AR(010),DR(ff74),AC(fee8),E(1),PC(010),IR(4010: BUN 010  )
     32300 [   35 insns,   168 clks] SC(1),S(1),R(0),IO(0:0000:0|0:00|3:00),AR(010),DR(ff74),AC(fee8),E(1),PC(010),IR(4010: BUN 010  )
     32400 [   35 insns,   169 clks] SC(2),S(1),R(0),IO(0:0000:0|0:00|3:00),AR(010),DR(ff74),AC(fee8),E(1),PC(011),IR(7400: CLE      )
     32500 [   35 insns,   170 clks] SC(3),S(1),R(0),IO(0:0000:0|0:00|3:00),AR(400),DR(ff74),AC(fee8),E(1),PC(011),IR(7400: CLE      )
----------------- new insn ---------------------
     32600 [   36 insns,   171 clks] SC(0),S(1),R(0),IO(0:0000:0|0:00|3:00),AR(400),DR(ff74),AC(fee8),E(0),PC(011),IR(7400: CLE      )
     32700 [   36 insns,   172 clks] SC(1),S(1),R(0),IO(0:0000:0|0:00|3:00),AR(011),DR(ff74),AC(fee8),E(0),PC(011),IR(7400: CLE      )
     32800 [   36 insns,   173 clks] SC(2),S(1),R(0),IO(0:0000:0|0:00|3:00),AR(011),DR(ff74),AC(fee8),E(0),PC(012),IR(2023: LDA 023  )
     32900 [   36 insns,   174 clks] SC(3),S(1),R(0),IO(0:0000:0|0:00|3:00),AR(023),DR(ff74),AC(fee8),E(0),PC(012),IR(2023: LDA 023  )
     33000 [   36 insns,   175 clks] SC(4),S(1),R(0),IO(0:0000:0|0:00|3:00),AR(023),DR(ff74),AC(fee8),E(0),PC(012),IR(2023: LDA 023  )
     33100 [   36 insns,   176 clks] SC(5),S(1),R(0),IO(0:0000:0|0:00|3:00),AR(023),DR(001b),AC(fee8),E(0),PC(012),IR(2023: LDA 023  )
----------------- new insn ---------------------
     33200 [   37 insns,   177 clks] SC(0),S(1),R(0),IO(0:0000:0|0:00|3:00),AR(023),DR(001b),AC(001b),E(0),PC(012),IR(2023: LDA 023  )
     33300 [   37 insns,   178 clks] SC(1),S(1),R(0),IO(0:0000:0|0:00|3:00),AR(012),DR(001b),AC(001b),E(0),PC(012),IR(2023: LDA 023  )
     33400 [   37 insns,   179 clks] SC(2),S(1),R(0),IO(0:0000:0|0:00|3:00),AR(012),DR(001b),AC(001b),E(0),PC(013),IR(7004: SZA      )
     33500 [   37 insns,   180 clks] SC(3),S(1),R(0),IO(0:0000:0|0:00|3:00),AR(004),DR(001b),AC(001b),E(0),PC(013),IR(7004: SZA      )
----------------- new insn ---------------------
     33600 [   38 insns,   181 clks] SC(0),S(1),R(0),IO(0:0000:0|0:00|3:00),AR(004),DR(001b),AC(001b),E(0),PC(013),IR(7004: SZA      )
     33700 [   38 insns,   182 clks] SC(1),S(1),R(0),IO(0:0000:0|0:00|3:00),AR(013),DR(001b),AC(001b),E(0),PC(013),IR(7004: SZA      )
     33800 [   38 insns,   183 clks] SC(2),S(1),R(0),IO(0:0000:0|0:00|3:00),AR(013),DR(001b),AC(001b),E(0),PC(014),IR(4015: BUN 015  )
     33900 [   38 insns,   184 clks] SC(3),S(1),R(0),IO(0:0000:0|0:00|3:00),AR(015),DR(001b),AC(001b),E(0),PC(014),IR(4015: BUN 015  )
     34000 [   38 insns,   185 clks] SC(4),S(1),R(0),IO(0:0000:0|0:00|3:00),AR(015),DR(001b),AC(001b),E(0),PC(014),IR(4015: BUN 015  )
----------------- new insn ---------------------
     34100 [   39 insns,   186 clks] SC(0),S(1),R(0),IO(0:0000:0|0:00|3:00),AR(015),DR(001b),AC(001b),E(0),PC(015),IR(4015: BUN 015  )
     34200 [   39 insns,   187 clks] SC(1),S(1),R(0),IO(0:0000:0|0:00|3:00),AR(015),DR(001b),AC(001b),E(0),PC(015),IR(4015: BUN 015  )
     34300 [   39 insns,   188 clks] SC(2),S(1),R(0),IO(0:0000:0|0:00|3:00),AR(015),DR(001b),AC(001b),E(0),PC(016),IR(7080: CIR      )
     34400 [   39 insns,   189 clks] SC(3),S(1),R(0),IO(0:0000:0|0:00|3:00),AR(080),DR(001b),AC(001b),E(0),PC(016),IR(7080: CIR      )
----------------- new insn ---------------------
     34500 [   40 insns,   190 clks] SC(0),S(1),R(0),IO(0:0000:0|0:00|3:00),AR(080),DR(001b),AC(000d),E(1),PC(016),IR(7080: CIR      )
     34600 [   40 insns,   191 clks] SC(1),S(1),R(0),IO(0:0000:0|0:00|3:00),AR(016),DR(001b),AC(000d),E(1),PC(016),IR(7080: CIR      )
     34700 [   40 insns,   192 clks] SC(2),S(1),R(0),IO(0:0000:0|0:00|3:00),AR(016),DR(001b),AC(000d),E(1),PC(017),IR(3023: STA 023  )
     34800 [   40 insns,   193 clks] SC(3),S(1),R(0),IO(0:0000:0|0:00|3:00),AR(023),DR(001b),AC(000d),E(1),PC(017),IR(3023: STA 023  )
     34900 [   40 insns,   194 clks] SC(4),S(1),R(0),IO(0:0000:0|0:00|3:00),AR(023),DR(001b),AC(000d),E(1),PC(017),IR(3023: STA 023  )
----------------- new insn ---------------------
     35000 [   41 insns,   195 clks] SC(0),S(1),R(0),IO(0:0000:0|0:00|3:00),AR(023),DR(001b),AC(000d),E(1),PC(017),IR(3023: STA 023  )
     35100 [   41 insns,   196 clks] SC(1),S(1),R(0),IO(0:0000:0|0:00|3:00),AR(017),DR(001b),AC(000d),E(1),PC(017),IR(3023: STA 023  )
     35200 [   41 insns,   197 clks] SC(2),S(1),R(0),IO(0:0000:0|0:00|3:00),AR(017),DR(001b),AC(000d),E(1),PC(018),IR(7002: SZE      )
     35300 [   41 insns,   198 clks] SC(3),S(1),R(0),IO(0:0000:0|0:00|3:00),AR(002),DR(001b),AC(000d),E(1),PC(018),IR(7002: SZE      )
----------------- new insn ---------------------
     35400 [   42 insns,   199 clks] SC(0),S(1),R(0),IO(0:0000:0|0:00|3:00),AR(002),DR(001b),AC(000d),E(1),PC(018),IR(7002: SZE      )
     35500 [   42 insns,   200 clks] SC(1),S(1),R(0),IO(0:0000:0|0:00|3:00),AR(018),DR(001b),AC(000d),E(1),PC(018),IR(7002: SZE      )
     35600 [   42 insns,   201 clks] SC(2),S(1),R(0),IO(0:0000:0|0:00|3:00),AR(018),DR(001b),AC(000d),E(1),PC(019),IR(401d: BUN 01d  )
     35700 [   42 insns,   202 clks] SC(3),S(1),R(0),IO(0:0000:0|0:00|3:00),AR(01d),DR(001b),AC(000d),E(1),PC(019),IR(401d: BUN 01d  )
     35800 [   42 insns,   203 clks] SC(4),S(1),R(0),IO(0:0000:0|0:00|3:00),AR(01d),DR(001b),AC(000d),E(1),PC(019),IR(401d: BUN 01d  )
----------------- new insn ---------------------
     35900 [   43 insns,   204 clks] SC(0),S(1),R(0),IO(0:0000:0|0:00|3:00),AR(01d),DR(001b),AC(000d),E(1),PC(01d),IR(401d: BUN 01d  )
     36000 [   43 insns,   205 clks] SC(1),S(1),R(0),IO(0:0000:0|0:00|3:00),AR(01d),DR(001b),AC(000d),E(1),PC(01d),IR(401d: BUN 01d  )
     36100 [   43 insns,   206 clks] SC(2),S(1),R(0),IO(0:0000:0|0:00|3:00),AR(01d),DR(001b),AC(000d),E(1),PC(01e),IR(2022: LDA 022  )
     36200 [   43 insns,   207 clks] SC(3),S(1),R(0),IO(0:0000:0|0:00|3:00),AR(022),DR(001b),AC(000d),E(1),PC(01e),IR(2022: LDA 022  )
     36300 [   43 insns,   208 clks] SC(4),S(1),R(0),IO(0:0000:0|0:00|3:00),AR(022),DR(001b),AC(000d),E(1),PC(01e),IR(2022: LDA 022  )
     36400 [   43 insns,   209 clks] SC(5),S(1),R(0),IO(0:0000:0|0:00|3:00),AR(022),DR(fee8),AC(000d),E(1),PC(01e),IR(2022: LDA 022  )
----------------- new insn ---------------------
     36500 [   44 insns,   210 clks] SC(0),S(1),R(0),IO(0:0000:0|0:00|3:00),AR(022),DR(fee8),AC(fee8),E(1),PC(01e),IR(2022: LDA 022  )
     36600 [   44 insns,   211 clks] SC(1),S(1),R(0),IO(0:0000:0|0:00|3:00),AR(01e),DR(fee8),AC(fee8),E(1),PC(01e),IR(2022: LDA 022  )
     36700 [   44 insns,   212 clks] SC(2),S(1),R(0),IO(0:0000:0|0:00|3:00),AR(01e),DR(fee8),AC(fee8),E(1),PC(01f),IR(1024: ADD 024  )
     36800 [   44 insns,   213 clks] SC(3),S(1),R(0),IO(0:0000:0|0:00|3:00),AR(024),DR(fee8),AC(fee8),E(1),PC(01f),IR(1024: ADD 024  )
     36900 [   44 insns,   214 clks] SC(4),S(1),R(0),IO(0:0000:0|0:00|3:00),AR(024),DR(fee8),AC(fee8),E(1),PC(01f),IR(1024: ADD 024  )
     37000 [   44 insns,   215 clks] SC(5),S(1),R(0),IO(0:0000:0|0:00|3:00),AR(024),DR(ff2e),AC(fee8),E(1),PC(01f),IR(1024: ADD 024  )
----------------- new insn ---------------------
     37100 [   45 insns,   216 clks] SC(0),S(1),R(0),IO(0:0000:0|0:00|3:00),AR(024),DR(ff2e),AC(fe16),E(1),PC(01f),IR(1024: ADD 024  )
     37200 [   45 insns,   217 clks] SC(1),S(1),R(0),IO(0:0000:0|0:00|3:00),AR(01f),DR(ff2e),AC(fe16),E(1),PC(01f),IR(1024: ADD 024  )
     37300 [   45 insns,   218 clks] SC(2),S(1),R(0),IO(0:0000:0|0:00|3:00),AR(01f),DR(ff2e),AC(fe16),E(1),PC(020),IR(3024: STA 024  )
     37400 [   45 insns,   219 clks] SC(3),S(1),R(0),IO(0:0000:0|0:00|3:00),AR(024),DR(ff2e),AC(fe16),E(1),PC(020),IR(3024: STA 024  )
     37500 [   45 insns,   220 clks] SC(4),S(1),R(0),IO(0:0000:0|0:00|3:00),AR(024),DR(ff2e),AC(fe16),E(1),PC(020),IR(3024: STA 024  )
----------------- new insn ---------------------
     37600 [   46 insns,   221 clks] SC(0),S(1),R(0),IO(0:0000:0|0:00|3:00),AR(024),DR(ff2e),AC(fe16),E(1),PC(020),IR(3024: STA 024  )
     37700 [   46 insns,   222 clks] SC(1),S(1),R(0),IO(0:0000:0|0:00|3:00),AR(020),DR(ff2e),AC(fe16),E(1),PC(020),IR(3024: STA 024  )
     37800 [   46 insns,   223 clks] SC(2),S(1),R(0),IO(0:0000:0|0:00|3:00),AR(020),DR(ff2e),AC(fe16),E(1),PC(021),IR(7400: CLE      )
     37900 [   46 insns,   224 clks] SC(3),S(1),R(0),IO(0:0000:0|0:00|3:00),AR(400),DR(ff2e),AC(fe16),E(1),PC(021),IR(7400: CLE      )
----------------- new insn ---------------------
     38000 [   47 insns,   225 clks] SC(0),S(1),R(0),IO(0:0000:0|0:00|3:00),AR(400),DR(ff2e),AC(fe16),E(0),PC(021),IR(7400: CLE      )
     38100 [   47 insns,   226 clks] SC(1),S(1),R(0),IO(0:0000:0|0:00|3:00),AR(021),DR(ff2e),AC(fe16),E(0),PC(021),IR(7400: CLE      )
     38200 [   47 insns,   227 clks] SC(2),S(1),R(0),IO(0:0000:0|0:00|3:00),AR(021),DR(ff2e),AC(fe16),E(0),PC(022),IR(4019: BUN 019  )
     38300 [   47 insns,   228 clks] SC(3),S(1),R(0),IO(0:0000:0|0:00|3:00),AR(019),DR(ff2e),AC(fe16),E(0),PC(022),IR(4019: BUN 019  )
     38400 [   47 insns,   229 clks] SC(4),S(1),R(0),IO(0:0000:0|0:00|3:00),AR(019),DR(ff2e),AC(fe16),E(0),PC(022),IR(4019: BUN 019  )
----------------- new insn ---------------------
     38500 [   48 insns,   230 clks] SC(0),S(1),R(0),IO(0:0000:0|0:00|3:00),AR(019),DR(ff2e),AC(fe16),E(0),PC(019),IR(4019: BUN 019  )
     38600 [   48 insns,   231 clks] SC(1),S(1),R(0),IO(0:0000:0|0:00|3:00),AR(019),DR(ff2e),AC(fe16),E(0),PC(019),IR(4019: BUN 019  )
     38700 [   48 insns,   232 clks] SC(2),S(1),R(0),IO(0:0000:0|0:00|3:00),AR(019),DR(ff2e),AC(fe16),E(0),PC(01a),IR(2022: LDA 022  )
     38800 [   48 insns,   233 clks] SC(3),S(1),R(0),IO(0:0000:0|0:00|3:00),AR(022),DR(ff2e),AC(fe16),E(0),PC(01a),IR(2022: LDA 022  )
     38900 [   48 insns,   234 clks] SC(4),S(1),R(0),IO(0:0000:0|0:00|3:00),AR(022),DR(ff2e),AC(fe16),E(0),PC(01a),IR(2022: LDA 022  )
     39000 [   48 insns,   235 clks] SC(5),S(1),R(0),IO(0:0000:0|0:00|3:00),AR(022),DR(fee8),AC(fe16),E(0),PC(01a),IR(2022: LDA 022  )
----------------- new insn ---------------------
     39100 [   49 insns,   236 clks] SC(0),S(1),R(0),IO(0:0000:0|0:00|3:00),AR(022),DR(fee8),AC(fee8),E(0),PC(01a),IR(2022: LDA 022  )
     39200 [   49 insns,   237 clks] SC(1),S(1),R(0),IO(0:0000:0|0:00|3:00),AR(01a),DR(fee8),AC(fee8),E(0),PC(01a),IR(2022: LDA 022  )
     39300 [   49 insns,   238 clks] SC(2),S(1),R(0),IO(0:0000:0|0:00|3:00),AR(01a),DR(fee8),AC(fee8),E(0),PC(01b),IR(7040: CIL      )
     39400 [   49 insns,   239 clks] SC(3),S(1),R(0),IO(0:0000:0|0:00|3:00),AR(040),DR(fee8),AC(fee8),E(0),PC(01b),IR(7040: CIL      )
----------------- new insn ---------------------
     39500 [   50 insns,   240 clks] SC(0),S(1),R(0),IO(0:0000:0|0:00|3:00),AR(040),DR(fee8),AC(fdd0),E(1),PC(01b),IR(7040: CIL      )
     39600 [   50 insns,   241 clks] SC(1),S(1),R(0),IO(0:0000:0|0:00|3:00),AR(01b),DR(fee8),AC(fdd0),E(1),PC(01b),IR(7040: CIL      )
     39700 [   50 insns,   242 clks] SC(2),S(1),R(0),IO(0:0000:0|0:00|3:00),AR(01b),DR(fee8),AC(fdd0),E(1),PC(01c),IR(3022: STA 022  )
     39800 [   50 insns,   243 clks] SC(3),S(1),R(0),IO(0:0000:0|0:00|3:00),AR(022),DR(fee8),AC(fdd0),E(1),PC(01c),IR(3022: STA 022  )
     39900 [   50 insns,   244 clks] SC(4),S(1),R(0),IO(0:0000:0|0:00|3:00),AR(022),DR(fee8),AC(fdd0),E(1),PC(01c),IR(3022: STA 022  )
----------------- new insn ---------------------
     40000 [   51 insns,   245 clks] SC(0),S(1),R(0),IO(0:0000:0|0:00|3:00),AR(022),DR(fee8),AC(fdd0),E(1),PC(01c),IR(3022: STA 022  )
     40100 [   51 insns,   246 clks] SC(1),S(1),R(0),IO(0:0000:0|0:00|3:00),AR(01c),DR(fee8),AC(fdd0),E(1),PC(01c),IR(3022: STA 022  )
     40200 [   51 insns,   247 clks] SC(2),S(1),R(0),IO(0:0000:0|0:00|3:00),AR(01c),DR(fee8),AC(fdd0),E(1),PC(01d),IR(4010: BUN 010  )
     40300 [   51 insns,   248 clks] SC(3),S(1),R(0),IO(0:0000:0|0:00|3:00),AR(010),DR(fee8),AC(fdd0),E(1),PC(01d),IR(4010: BUN 010  )
     40400 [   51 insns,   249 clks] SC(4),S(1),R(0),IO(0:0000:0|0:00|3:00),AR(010),DR(fee8),AC(fdd0),E(1),PC(01d),IR(4010: BUN 010  )
----------------- new insn ---------------------
     40500 [   52 insns,   250 clks] SC(0),S(1),R(0),IO(0:0000:0|0:00|3:00),AR(010),DR(fee8),AC(fdd0),E(1),PC(010),IR(4010: BUN 010  )
     40600 [   52 insns,   251 clks] SC(1),S(1),R(0),IO(0:0000:0|0:00|3:00),AR(010),DR(fee8),AC(fdd0),E(1),PC(010),IR(4010: BUN 010  )
     40700 [   52 insns,   252 clks] SC(2),S(1),R(0),IO(0:0000:0|0:00|3:00),AR(010),DR(fee8),AC(fdd0),E(1),PC(011),IR(7400: CLE      )
     40800 [   52 insns,   253 clks] SC(3),S(1),R(0),IO(0:0000:0|0:00|3:00),AR(400),DR(fee8),AC(fdd0),E(1),PC(011),IR(7400: CLE      )
----------------- new insn ---------------------
     40900 [   53 insns,   254 clks] SC(0),S(1),R(0),IO(0:0000:0|0:00|3:00),AR(400),DR(fee8),AC(fdd0),E(0),PC(011),IR(7400: CLE      )
     41000 [   53 insns,   255 clks] SC(1),S(1),R(0),IO(0:0000:0|0:00|3:00),AR(011),DR(fee8),AC(fdd0),E(0),PC(011),IR(7400: CLE      )
     41100 [   53 insns,   256 clks] SC(2),S(1),R(0),IO(0:0000:0|0:00|3:00),AR(011),DR(fee8),AC(fdd0),E(0),PC(012),IR(2023: LDA 023  )
     41200 [   53 insns,   257 clks] SC(3),S(1),R(0),IO(0:0000:0|0:00|3:00),AR(023),DR(fee8),AC(fdd0),E(0),PC(012),IR(2023: LDA 023  )
     41300 [   53 insns,   258 clks] SC(4),S(1),R(0),IO(0:0000:0|0:00|3:00),AR(023),DR(fee8),AC(fdd0),E(0),PC(012),IR(2023: LDA 023  )
     41400 [   53 insns,   259 clks] SC(5),S(1),R(0),IO(0:0000:0|0:00|3:00),AR(023),DR(000d),AC(fdd0),E(0),PC(012),IR(2023: LDA 023  )
----------------- new insn ---------------------
     41500 [   54 insns,   260 clks] SC(0),S(1),R(0),IO(0:0000:0|0:00|3:00),AR(023),DR(000d),AC(000d),E(0),PC(012),IR(2023: LDA 023  )
     41600 [   54 insns,   261 clks] SC(1),S(1),R(0),IO(0:0000:0|0:00|3:00),AR(012),DR(000d),AC(000d),E(0),PC(012),IR(2023: LDA 023  )
     41700 [   54 insns,   262 clks] SC(2),S(1),R(0),IO(0:0000:0|0:00|3:00),AR(012),DR(000d),AC(000d),E(0),PC(013),IR(7004: SZA      )
     41800 [   54 insns,   263 clks] SC(3),S(1),R(0),IO(0:0000:0|0:00|3:00),AR(004),DR(000d),AC(000d),E(0),PC(013),IR(7004: SZA      )
----------------- new insn ---------------------
     41900 [   55 insns,   264 clks] SC(0),S(1),R(0),IO(0:0000:0|0:00|3:00),AR(004),DR(000d),AC(000d),E(0),PC(013),IR(7004: SZA      )
     42000 [   55 insns,   265 clks] SC(1),S(1),R(0),IO(0:0000:0|0:00|3:00),AR(013),DR(000d),AC(000d),E(0),PC(013),IR(7004: SZA      )
     42100 [   55 insns,   266 clks] SC(2),S(1),R(0),IO(0:0000:0|0:00|3:00),AR(013),DR(000d),AC(000d),E(0),PC(014),IR(4015: BUN 015  )
     42200 [   55 insns,   267 clks] SC(3),S(1),R(0),IO(0:0000:0|0:00|3:00),AR(015),DR(000d),AC(000d),E(0),PC(014),IR(4015: BUN 015  )
     42300 [   55 insns,   268 clks] SC(4),S(1),R(0),IO(0:0000:0|0:00|3:00),AR(015),DR(000d),AC(000d),E(0),PC(014),IR(4015: BUN 015  )
----------------- new insn ---------------------
     42400 [   56 insns,   269 clks] SC(0),S(1),R(0),IO(0:0000:0|0:00|3:00),AR(015),DR(000d),AC(000d),E(0),PC(015),IR(4015: BUN 015  )
     42500 [   56 insns,   270 clks] SC(1),S(1),R(0),IO(0:0000:0|0:00|3:00),AR(015),DR(000d),AC(000d),E(0),PC(015),IR(4015: BUN 015  )
     42600 [   56 insns,   271 clks] SC(2),S(1),R(0),IO(0:0000:0|0:00|3:00),AR(015),DR(000d),AC(000d),E(0),PC(016),IR(7080: CIR      )
     42700 [   56 insns,   272 clks] SC(3),S(1),R(0),IO(0:0000:0|0:00|3:00),AR(080),DR(000d),AC(000d),E(0),PC(016),IR(7080: CIR      )
----------------- new insn ---------------------
     42800 [   57 insns,   273 clks] SC(0),S(1),R(0),IO(0:0000:0|0:00|3:00),AR(080),DR(000d),AC(0006),E(1),PC(016),IR(7080: CIR      )
     42900 [   57 insns,   274 clks] SC(1),S(1),R(0),IO(0:0000:0|0:00|3:00),AR(016),DR(000d),AC(0006),E(1),PC(016),IR(7080: CIR      )
     43000 [   57 insns,   275 clks] SC(2),S(1),R(0),IO(0:0000:0|0:00|3:00),AR(016),DR(000d),AC(0006),E(1),PC(017),IR(3023: STA 023  )
     43100 [   57 insns,   276 clks] SC(3),S(1),R(0),IO(0:0000:0|0:00|3:00),AR(023),DR(000d),AC(0006),E(1),PC(017),IR(3023: STA 023  )
     43200 [   57 insns,   277 clks] SC(4),S(1),R(0),IO(0:0000:0|0:00|3:00),AR(023),DR(000d),AC(0006),E(1),PC(017),IR(3023: STA 023  )
----------------- new insn ---------------------
     43300 [   58 insns,   278 clks] SC(0),S(1),R(0),IO(0:0000:0|0:00|3:00),AR(023),DR(000d),AC(0006),E(1),PC(017),IR(3023: STA 023  )
     43400 [   58 insns,   279 clks] SC(1),S(1),R(0),IO(0:0000:0|0:00|3:00),AR(017),DR(000d),AC(0006),E(1),PC(017),IR(3023: STA 023  )
     43500 [   58 insns,   280 clks] SC(2),S(1),R(0),IO(0:0000:0|0:00|3:00),AR(017),DR(000d),AC(0006),E(1),PC(018),IR(7002: SZE      )
     43600 [   58 insns,   281 clks] SC(3),S(1),R(0),IO(0:0000:0|0:00|3:00),AR(002),DR(000d),AC(0006),E(1),PC(018),IR(7002: SZE      )
----------------- new insn ---------------------
     43700 [   59 insns,   282 clks] SC(0),S(1),R(0),IO(0:0000:0|0:00|3:00),AR(002),DR(000d),AC(0006),E(1),PC(018),IR(7002: SZE      )
     43800 [   59 insns,   283 clks] SC(1),S(1),R(0),IO(0:0000:0|0:00|3:00),AR(018),DR(000d),AC(0006),E(1),PC(018),IR(7002: SZE      )
     43900 [   59 insns,   284 clks] SC(2),S(1),R(0),IO(0:0000:0|0:00|3:00),AR(018),DR(000d),AC(0006),E(1),PC(019),IR(401d: BUN 01d  )
     44000 [   59 insns,   285 clks] SC(3),S(1),R(0),IO(0:0000:0|0:00|3:00),AR(01d),DR(000d),AC(0006),E(1),PC(019),IR(401d: BUN 01d  )
     44100 [   59 insns,   286 clks] SC(4),S(1),R(0),IO(0:0000:0|0:00|3:00),AR(01d),DR(000d),AC(0006),E(1),PC(019),IR(401d: BUN 01d  )
----------------- new insn ---------------------
     44200 [   60 insns,   287 clks] SC(0),S(1),R(0),IO(0:0000:0|0:00|3:00),AR(01d),DR(000d),AC(0006),E(1),PC(01d),IR(401d: BUN 01d  )
     44300 [   60 insns,   288 clks] SC(1),S(1),R(0),IO(0:0000:0|0:00|3:00),AR(01d),DR(000d),AC(0006),E(1),PC(01d),IR(401d: BUN 01d  )
     44400 [   60 insns,   289 clks] SC(2),S(1),R(0),IO(0:0000:0|0:00|3:00),AR(01d),DR(000d),AC(0006),E(1),PC(01e),IR(2022: LDA 022  )
     44500 [   60 insns,   290 clks] SC(3),S(1),R(0),IO(0:0000:0|0:00|3:00),AR(022),DR(000d),AC(0006),E(1),PC(01e),IR(2022: LDA 022  )
     44600 [   60 insns,   291 clks] SC(4),S(1),R(0),IO(0:0000:0|0:00|3:00),AR(022),DR(000d),AC(0006),E(1),PC(01e),IR(2022: LDA 022  )
     44700 [   60 insns,   292 clks] SC(5),S(1),R(0),IO(0:0000:0|0:00|3:00),AR(022),DR(fdd0),AC(0006),E(1),PC(01e),IR(2022: LDA 022  )
----------------- new insn ---------------------
     44800 [   61 insns,   293 clks] SC(0),S(1),R(0),IO(0:0000:0|0:00|3:00),AR(022),DR(fdd0),AC(fdd0),E(1),PC(01e),IR(2022: LDA 022  )
     44900 [   61 insns,   294 clks] SC(1),S(1),R(0),IO(0:0000:0|0:00|3:00),AR(01e),DR(fdd0),AC(fdd0),E(1),PC(01e),IR(2022: LDA 022  )
     45000 [   61 insns,   295 clks] SC(2),S(1),R(0),IO(0:0000:0|0:00|3:00),AR(01e),DR(fdd0),AC(fdd0),E(1),PC(01f),IR(1024: ADD 024  )
     45100 [   61 insns,   296 clks] SC(3),S(1),R(0),IO(0:0000:0|0:00|3:00),AR(024),DR(fdd0),AC(fdd0),E(1),PC(01f),IR(1024: ADD 024  )
     45200 [   61 insns,   297 clks] SC(4),S(1),R(0),IO(0:0000:0|0:00|3:00),AR(024),DR(fdd0),AC(fdd0),E(1),PC(01f),IR(1024: ADD 024  )
     45300 [   61 insns,   298 clks] SC(5),S(1),R(0),IO(0:0000:0|0:00|3:00),AR(024),DR(fe16),AC(fdd0),E(1),PC(01f),IR(1024: ADD 024  )
----------------- new insn ---------------------
     45400 [   62 insns,   299 clks] SC(0),S(1),R(0),IO(0:0000:0|0:00|3:00),AR(024),DR(fe16),AC(fbe6),E(1),PC(01f),IR(1024: ADD 024  )
     45500 [   62 insns,   300 clks] SC(1),S(1),R(0),IO(0:0000:0|0:00|3:00),AR(01f),DR(fe16),AC(fbe6),E(1),PC(01f),IR(1024: ADD 024  )
     45600 [   62 insns,   301 clks] SC(2),S(1),R(0),IO(0:0000:0|0:00|3:00),AR(01f),DR(fe16),AC(fbe6),E(1),PC(020),IR(3024: STA 024  )
     45700 [   62 insns,   302 clks] SC(3),S(1),R(0),IO(0:0000:0|0:00|3:00),AR(024),DR(fe16),AC(fbe6),E(1),PC(020),IR(3024: STA 024  )
     45800 [   62 insns,   303 clks] SC(4),S(1),R(0),IO(0:0000:0|0:00|3:00),AR(024),DR(fe16),AC(fbe6),E(1),PC(020),IR(3024: STA 024  )
----------------- new insn ---------------------
     45900 [   63 insns,   304 clks] SC(0),S(1),R(0),IO(0:0000:0|0:00|3:00),AR(024),DR(fe16),AC(fbe6),E(1),PC(020),IR(3024: STA 024  )
     46000 [   63 insns,   305 clks] SC(1),S(1),R(0),IO(0:0000:0|0:00|3:00),AR(020),DR(fe16),AC(fbe6),E(1),PC(020),IR(3024: STA 024  )
     46100 [   63 insns,   306 clks] SC(2),S(1),R(0),IO(0:0000:0|0:00|3:00),AR(020),DR(fe16),AC(fbe6),E(1),PC(021),IR(7400: CLE      )
     46200 [   63 insns,   307 clks] SC(3),S(1),R(0),IO(0:0000:0|0:00|3:00),AR(400),DR(fe16),AC(fbe6),E(1),PC(021),IR(7400: CLE      )
----------------- new insn ---------------------
     46300 [   64 insns,   308 clks] SC(0),S(1),R(0),IO(0:0000:0|0:00|3:00),AR(400),DR(fe16),AC(fbe6),E(0),PC(021),IR(7400: CLE      )
     46400 [   64 insns,   309 clks] SC(1),S(1),R(0),IO(0:0000:0|0:00|3:00),AR(021),DR(fe16),AC(fbe6),E(0),PC(021),IR(7400: CLE      )
     46500 [   64 insns,   310 clks] SC(2),S(1),R(0),IO(0:0000:0|0:00|3:00),AR(021),DR(fe16),AC(fbe6),E(0),PC(022),IR(4019: BUN 019  )
     46600 [   64 insns,   311 clks] SC(3),S(1),R(0),IO(0:0000:0|0:00|3:00),AR(019),DR(fe16),AC(fbe6),E(0),PC(022),IR(4019: BUN 019  )
     46700 [   64 insns,   312 clks] SC(4),S(1),R(0),IO(0:0000:0|0:00|3:00),AR(019),DR(fe16),AC(fbe6),E(0),PC(022),IR(4019: BUN 019  )
----------------- new insn ---------------------
     46800 [   65 insns,   313 clks] SC(0),S(1),R(0),IO(0:0000:0|0:00|3:00),AR(019),DR(fe16),AC(fbe6),E(0),PC(019),IR(4019: BUN 019  )
     46900 [   65 insns,   314 clks] SC(1),S(1),R(0),IO(0:0000:0|0:00|3:00),AR(019),DR(fe16),AC(fbe6),E(0),PC(019),IR(4019: BUN 019  )
     47000 [   65 insns,   315 clks] SC(2),S(1),R(0),IO(0:0000:0|0:00|3:00),AR(019),DR(fe16),AC(fbe6),E(0),PC(01a),IR(2022: LDA 022  )
     47100 [   65 insns,   316 clks] SC(3),S(1),R(0),IO(0:0000:0|0:00|3:00),AR(022),DR(fe16),AC(fbe6),E(0),PC(01a),IR(2022: LDA 022  )
     47200 [   65 insns,   317 clks] SC(4),S(1),R(0),IO(0:0000:0|0:00|3:00),AR(022),DR(fe16),AC(fbe6),E(0),PC(01a),IR(2022: LDA 022  )
     47300 [   65 insns,   318 clks] SC(5),S(1),R(0),IO(0:0000:0|0:00|3:00),AR(022),DR(fdd0),AC(fbe6),E(0),PC(01a),IR(2022: LDA 022  )
----------------- new insn ---------------------
     47400 [   66 insns,   319 clks] SC(0),S(1),R(0),IO(0:0000:0|0:00|3:00),AR(022),DR(fdd0),AC(fdd0),E(0),PC(01a),IR(2022: LDA 022  )
     47500 [   66 insns,   320 clks] SC(1),S(1),R(0),IO(0:0000:0|0:00|3:00),AR(01a),DR(fdd0),AC(fdd0),E(0),PC(01a),IR(2022: LDA 022  )
     47600 [   66 insns,   321 clks] SC(2),S(1),R(0),IO(0:0000:0|0:00|3:00),AR(01a),DR(fdd0),AC(fdd0),E(0),PC(01b),IR(7040: CIL      )
     47700 [   66 insns,   322 clks] SC(3),S(1),R(0),IO(0:0000:0|0:00|3:00),AR(040),DR(fdd0),AC(fdd0),E(0),PC(01b),IR(7040: CIL      )
----------------- new insn ---------------------
     47800 [   67 insns,   323 clks] SC(0),S(1),R(0),IO(0:0000:0|0:00|3:00),AR(040),DR(fdd0),AC(fba0),E(1),PC(01b),IR(7040: CIL      )
     47900 [   67 insns,   324 clks] SC(1),S(1),R(0),IO(0:0000:0|0:00|3:00),AR(01b),DR(fdd0),AC(fba0),E(1),PC(01b),IR(7040: CIL      )
     48000 [   67 insns,   325 clks] SC(2),S(1),R(0),IO(0:0000:0|0:00|3:00),AR(01b),DR(fdd0),AC(fba0),E(1),PC(01c),IR(3022: STA 022  )
     48100 [   67 insns,   326 clks] SC(3),S(1),R(0),IO(0:0000:0|0:00|3:00),AR(022),DR(fdd0),AC(fba0),E(1),PC(01c),IR(3022: STA 022  )
     48200 [   67 insns,   327 clks] SC(4),S(1),R(0),IO(0:0000:0|0:00|3:00),AR(022),DR(fdd0),AC(fba0),E(1),PC(01c),IR(3022: STA 022  )
----------------- new insn ---------------------
     48300 [   68 insns,   328 clks] SC(0),S(1),R(0),IO(0:0000:0|0:00|3:00),AR(022),DR(fdd0),AC(fba0),E(1),PC(01c),IR(3022: STA 022  )
     48400 [   68 insns,   329 clks] SC(1),S(1),R(0),IO(0:0000:0|0:00|3:00),AR(01c),DR(fdd0),AC(fba0),E(1),PC(01c),IR(3022: STA 022  )
     48500 [   68 insns,   330 clks] SC(2),S(1),R(0),IO(0:0000:0|0:00|3:00),AR(01c),DR(fdd0),AC(fba0),E(1),PC(01d),IR(4010: BUN 010  )
     48600 [   68 insns,   331 clks] SC(3),S(1),R(0),IO(0:0000:0|0:00|3:00),AR(010),DR(fdd0),AC(fba0),E(1),PC(01d),IR(4010: BUN 010  )
     48700 [   68 insns,   332 clks] SC(4),S(1),R(0),IO(0:0000:0|0:00|3:00),AR(010),DR(fdd0),AC(fba0),E(1),PC(01d),IR(4010: BUN 010  )
----------------- new insn ---------------------
     48800 [   69 insns,   333 clks] SC(0),S(1),R(0),IO(0:0000:0|0:00|3:00),AR(010),DR(fdd0),AC(fba0),E(1),PC(010),IR(4010: BUN 010  )
     48900 [   69 insns,   334 clks] SC(1),S(1),R(0),IO(0:0000:0|0:00|3:00),AR(010),DR(fdd0),AC(fba0),E(1),PC(010),IR(4010: BUN 010  )
     49000 [   69 insns,   335 clks] SC(2),S(1),R(0),IO(0:0000:0|0:00|3:00),AR(010),DR(fdd0),AC(fba0),E(1),PC(011),IR(7400: CLE      )
     49100 [   69 insns,   336 clks] SC(3),S(1),R(0),IO(0:0000:0|0:00|3:00),AR(400),DR(fdd0),AC(fba0),E(1),PC(011),IR(7400: CLE      )
----------------- new insn ---------------------
     49200 [   70 insns,   337 clks] SC(0),S(1),R(0),IO(0:0000:0|0:00|3:00),AR(400),DR(fdd0),AC(fba0),E(0),PC(011),IR(7400: CLE      )
     49300 [   70 insns,   338 clks] SC(1),S(1),R(0),IO(0:0000:0|0:00|3:00),AR(011),DR(fdd0),AC(fba0),E(0),PC(011),IR(7400: CLE      )
     49400 [   70 insns,   339 clks] SC(2),S(1),R(0),IO(0:0000:0|0:00|3:00),AR(011),DR(fdd0),AC(fba0),E(0),PC(012),IR(2023: LDA 023  )
     49500 [   70 insns,   340 clks] SC(3),S(1),R(0),IO(0:0000:0|0:00|3:00),AR(023),DR(fdd0),AC(fba0),E(0),PC(012),IR(2023: LDA 023  )
     49600 [   70 insns,   341 clks] SC(4),S(1),R(0),IO(0:0000:0|0:00|3:00),AR(023),DR(fdd0),AC(fba0),E(0),PC(012),IR(2023: LDA 023  )
     49700 [   70 insns,   342 clks] SC(5),S(1),R(0),IO(0:0000:0|0:00|3:00),AR(023),DR(0006),AC(fba0),E(0),PC(012),IR(2023: LDA 023  )
----------------- new insn ---------------------
     49800 [   71 insns,   343 clks] SC(0),S(1),R(0),IO(0:0000:0|0:00|3:00),AR(023),DR(0006),AC(0006),E(0),PC(012),IR(2023: LDA 023  )
     49900 [   71 insns,   344 clks] SC(1),S(1),R(0),IO(0:0000:0|0:00|3:00),AR(012),DR(0006),AC(0006),E(0),PC(012),IR(2023: LDA 023  )
     50000 [   71 insns,   345 clks] SC(2),S(1),R(0),IO(0:0000:0|0:00|3:00),AR(012),DR(0006),AC(0006),E(0),PC(013),IR(7004: SZA      )
     50100 [   71 insns,   346 clks] SC(3),S(1),R(0),IO(0:0000:0|0:00|3:00),AR(004),DR(0006),AC(0006),E(0),PC(013),IR(7004: SZA      )
----------------- new insn ---------------------
     50200 [   72 insns,   347 clks] SC(0),S(1),R(0),IO(0:0000:0|0:00|3:00),AR(004),DR(0006),AC(0006),E(0),PC(013),IR(7004: SZA      )
     50300 [   72 insns,   348 clks] SC(1),S(1),R(0),IO(0:0000:0|0:00|3:00),AR(013),DR(0006),AC(0006),E(0),PC(013),IR(7004: SZA      )
     50400 [   72 insns,   349 clks] SC(2),S(1),R(0),IO(0:0000:0|0:00|3:00),AR(013),DR(0006),AC(0006),E(0),PC(014),IR(4015: BUN 015  )
     50500 [   72 insns,   350 clks] SC(3),S(1),R(0),IO(0:0000:0|0:00|3:00),AR(015),DR(0006),AC(0006),E(0),PC(014),IR(4015: BUN 015  )
     50600 [   72 insns,   351 clks] SC(4),S(1),R(0),IO(0:0000:0|0:00|3:00),AR(015),DR(0006),AC(0006),E(0),PC(014),IR(4015: BUN 015  )
----------------- new insn ---------------------
     50700 [   73 insns,   352 clks] SC(0),S(1),R(0),IO(0:0000:0|0:00|3:00),AR(015),DR(0006),AC(0006),E(0),PC(015),IR(4015: BUN 015  )
     50800 [   73 insns,   353 clks] SC(1),S(1),R(0),IO(0:0000:0|0:00|3:00),AR(015),DR(0006),AC(0006),E(0),PC(015),IR(4015: BUN 015  )
     50900 [   73 insns,   354 clks] SC(2),S(1),R(0),IO(0:0000:0|0:00|3:00),AR(015),DR(0006),AC(0006),E(0),PC(016),IR(7080: CIR      )
     51000 [   73 insns,   355 clks] SC(3),S(1),R(0),IO(0:0000:0|0:00|3:00),AR(080),DR(0006),AC(0006),E(0),PC(016),IR(7080: CIR      )
----------------- new insn ---------------------
     51100 [   74 insns,   356 clks] SC(0),S(1),R(0),IO(0:0000:0|0:00|3:00),AR(080),DR(0006),AC(0003),E(0),PC(016),IR(7080: CIR      )
     51200 [   74 insns,   357 clks] SC(1),S(1),R(0),IO(0:0000:0|0:00|3:00),AR(016),DR(0006),AC(0003),E(0),PC(016),IR(7080: CIR      )
     51300 [   74 insns,   358 clks] SC(2),S(1),R(0),IO(0:0000:0|0:00|3:00),AR(016),DR(0006),AC(0003),E(0),PC(017),IR(3023: STA 023  )
     51400 [   74 insns,   359 clks] SC(3),S(1),R(0),IO(0:0000:0|0:00|3:00),AR(023),DR(0006),AC(0003),E(0),PC(017),IR(3023: STA 023  )
     51500 [   74 insns,   360 clks] SC(4),S(1),R(0),IO(0:0000:0|0:00|3:00),AR(023),DR(0006),AC(0003),E(0),PC(017),IR(3023: STA 023  )
----------------- new insn ---------------------
     51600 [   75 insns,   361 clks] SC(0),S(1),R(0),IO(0:0000:0|0:00|3:00),AR(023),DR(0006),AC(0003),E(0),PC(017),IR(3023: STA 023  )
     51700 [   75 insns,   362 clks] SC(1),S(1),R(0),IO(0:0000:0|0:00|3:00),AR(017),DR(0006),AC(0003),E(0),PC(017),IR(3023: STA 023  )
     51800 [   75 insns,   363 clks] SC(2),S(1),R(0),IO(0:0000:0|0:00|3:00),AR(017),DR(0006),AC(0003),E(0),PC(018),IR(7002: SZE      )
     51900 [   75 insns,   364 clks] SC(3),S(1),R(0),IO(0:0000:0|0:00|3:00),AR(002),DR(0006),AC(0003),E(0),PC(018),IR(7002: SZE      )
----------------- new insn ---------------------
     52000 [   76 insns,   365 clks] SC(0),S(1),R(0),IO(0:0000:0|0:00|3:00),AR(002),DR(0006),AC(0003),E(0),PC(019),IR(7002: SZE      )
     52100 [   76 insns,   366 clks] SC(1),S(1),R(0),IO(0:0000:0|0:00|3:00),AR(019),DR(0006),AC(0003),E(0),PC(019),IR(7002: SZE      )
     52200 [   76 insns,   367 clks] SC(2),S(1),R(0),IO(0:0000:0|0:00|3:00),AR(019),DR(0006),AC(0003),E(0),PC(01a),IR(2022: LDA 022  )
     52300 [   76 insns,   368 clks] SC(3),S(1),R(0),IO(0:0000:0|0:00|3:00),AR(022),DR(0006),AC(0003),E(0),PC(01a),IR(2022: LDA 022  )
     52400 [   76 insns,   369 clks] SC(4),S(1),R(0),IO(0:0000:0|0:00|3:00),AR(022),DR(0006),AC(0003),E(0),PC(01a),IR(2022: LDA 022  )
     52500 [   76 insns,   370 clks] SC(5),S(1),R(0),IO(0:0000:0|0:00|3:00),AR(022),DR(fba0),AC(0003),E(0),PC(01a),IR(2022: LDA 022  )
----------------- new insn ---------------------
     52600 [   77 insns,   371 clks] SC(0),S(1),R(0),IO(0:0000:0|0:00|3:00),AR(022),DR(fba0),AC(fba0),E(0),PC(01a),IR(2022: LDA 022  )
     52700 [   77 insns,   372 clks] SC(1),S(1),R(0),IO(0:0000:0|0:00|3:00),AR(01a),DR(fba0),AC(fba0),E(0),PC(01a),IR(2022: LDA 022  )
     52800 [   77 insns,   373 clks] SC(2),S(1),R(0),IO(0:0000:0|0:00|3:00),AR(01a),DR(fba0),AC(fba0),E(0),PC(01b),IR(7040: CIL      )
     52900 [   77 insns,   374 clks] SC(3),S(1),R(0),IO(0:0000:0|0:00|3:00),AR(040),DR(fba0),AC(fba0),E(0),PC(01b),IR(7040: CIL      )
----------------- new insn ---------------------
     53000 [   78 insns,   375 clks] SC(0),S(1),R(0),IO(0:0000:0|0:00|3:00),AR(040),DR(fba0),AC(f740),E(1),PC(01b),IR(7040: CIL      )
     53100 [   78 insns,   376 clks] SC(1),S(1),R(0),IO(0:0000:0|0:00|3:00),AR(01b),DR(fba0),AC(f740),E(1),PC(01b),IR(7040: CIL      )
     53200 [   78 insns,   377 clks] SC(2),S(1),R(0),IO(0:0000:0|0:00|3:00),AR(01b),DR(fba0),AC(f740),E(1),PC(01c),IR(3022: STA 022  )
     53300 [   78 insns,   378 clks] SC(3),S(1),R(0),IO(0:0000:0|0:00|3:00),AR(022),DR(fba0),AC(f740),E(1),PC(01c),IR(3022: STA 022  )
     53400 [   78 insns,   379 clks] SC(4),S(1),R(0),IO(0:0000:0|0:00|3:00),AR(022),DR(fba0),AC(f740),E(1),PC(01c),IR(3022: STA 022  )
----------------- new insn ---------------------
     53500 [   79 insns,   380 clks] SC(0),S(1),R(0),IO(0:0000:0|0:00|3:00),AR(022),DR(fba0),AC(f740),E(1),PC(01c),IR(3022: STA 022  )
     53600 [   79 insns,   381 clks] SC(1),S(1),R(0),IO(0:0000:0|0:00|3:00),AR(01c),DR(fba0),AC(f740),E(1),PC(01c),IR(3022: STA 022  )
     53700 [   79 insns,   382 clks] SC(2),S(1),R(0),IO(0:0000:0|0:00|3:00),AR(01c),DR(fba0),AC(f740),E(1),PC(01d),IR(4010: BUN 010  )
     53800 [   79 insns,   383 clks] SC(3),S(1),R(0),IO(0:0000:0|0:00|3:00),AR(010),DR(fba0),AC(f740),E(1),PC(01d),IR(4010: BUN 010  )
     53900 [   79 insns,   384 clks] SC(4),S(1),R(0),IO(0:0000:0|0:00|3:00),AR(010),DR(fba0),AC(f740),E(1),PC(01d),IR(4010: BUN 010  )
----------------- new insn ---------------------
     54000 [   80 insns,   385 clks] SC(0),S(1),R(0),IO(0:0000:0|0:00|3:00),AR(010),DR(fba0),AC(f740),E(1),PC(010),IR(4010: BUN 010  )
     54100 [   80 insns,   386 clks] SC(1),S(1),R(0),IO(0:0000:0|0:00|3:00),AR(010),DR(fba0),AC(f740),E(1),PC(010),IR(4010: BUN 010  )
     54200 [   80 insns,   387 clks] SC(2),S(1),R(0),IO(0:0000:0|0:00|3:00),AR(010),DR(fba0),AC(f740),E(1),PC(011),IR(7400: CLE      )
     54300 [   80 insns,   388 clks] SC(3),S(1),R(0),IO(0:0000:0|0:00|3:00),AR(400),DR(fba0),AC(f740),E(1),PC(011),IR(7400: CLE      )
----------------- new insn ---------------------
     54400 [   81 insns,   389 clks] SC(0),S(1),R(0),IO(0:0000:0|0:00|3:00),AR(400),DR(fba0),AC(f740),E(0),PC(011),IR(7400: CLE      )
     54500 [   81 insns,   390 clks] SC(1),S(1),R(0),IO(0:0000:0|0:00|3:00),AR(011),DR(fba0),AC(f740),E(0),PC(011),IR(7400: CLE      )
     54600 [   81 insns,   391 clks] SC(2),S(1),R(0),IO(0:0000:0|0:00|3:00),AR(011),DR(fba0),AC(f740),E(0),PC(012),IR(2023: LDA 023  )
     54700 [   81 insns,   392 clks] SC(3),S(1),R(0),IO(0:0000:0|0:00|3:00),AR(023),DR(fba0),AC(f740),E(0),PC(012),IR(2023: LDA 023  )
     54800 [   81 insns,   393 clks] SC(4),S(1),R(0),IO(0:0000:0|0:00|3:00),AR(023),DR(fba0),AC(f740),E(0),PC(012),IR(2023: LDA 023  )
     54900 [   81 insns,   394 clks] SC(5),S(1),R(0),IO(0:0000:0|0:00|3:00),AR(023),DR(0003),AC(f740),E(0),PC(012),IR(2023: LDA 023  )
----------------- new insn ---------------------
     55000 [   82 insns,   395 clks] SC(0),S(1),R(0),IO(0:0000:0|0:00|3:00),AR(023),DR(0003),AC(0003),E(0),PC(012),IR(2023: LDA 023  )
     55100 [   82 insns,   396 clks] SC(1),S(1),R(0),IO(0:0000:0|0:00|3:00),AR(012),DR(0003),AC(0003),E(0),PC(012),IR(2023: LDA 023  )
     55200 [   82 insns,   397 clks] SC(2),S(1),R(0),IO(0:0000:0|0:00|3:00),AR(012),DR(0003),AC(0003),E(0),PC(013),IR(7004: SZA      )
     55300 [   82 insns,   398 clks] SC(3),S(1),R(0),IO(0:0000:0|0:00|3:00),AR(004),DR(0003),AC(0003),E(0),PC(013),IR(7004: SZA      )
----------------- new insn ---------------------
     55400 [   83 insns,   399 clks] SC(0),S(1),R(0),IO(0:0000:0|0:00|3:00),AR(004),DR(0003),AC(0003),E(0),PC(013),IR(7004: SZA      )
     55500 [   83 insns,   400 clks] SC(1),S(1),R(0),IO(0:0000:0|0:00|3:00),AR(013),DR(0003),AC(0003),E(0),PC(013),IR(7004: SZA      )
     55600 [   83 insns,   401 clks] SC(2),S(1),R(0),IO(0:0000:0|0:00|3:00),AR(013),DR(0003),AC(0003),E(0),PC(014),IR(4015: BUN 015  )
     55700 [   83 insns,   402 clks] SC(3),S(1),R(0),IO(0:0000:0|0:00|3:00),AR(015),DR(0003),AC(0003),E(0),PC(014),IR(4015: BUN 015  )
     55800 [   83 insns,   403 clks] SC(4),S(1),R(0),IO(0:0000:0|0:00|3:00),AR(015),DR(0003),AC(0003),E(0),PC(014),IR(4015: BUN 015  )
----------------- new insn ---------------------
     55900 [   84 insns,   404 clks] SC(0),S(1),R(0),IO(0:0000:0|0:00|3:00),AR(015),DR(0003),AC(0003),E(0),PC(015),IR(4015: BUN 015  )
     56000 [   84 insns,   405 clks] SC(1),S(1),R(0),IO(0:0000:0|0:00|3:00),AR(015),DR(0003),AC(0003),E(0),PC(015),IR(4015: BUN 015  )
     56100 [   84 insns,   406 clks] SC(2),S(1),R(0),IO(0:0000:0|0:00|3:00),AR(015),DR(0003),AC(0003),E(0),PC(016),IR(7080: CIR      )
     56200 [   84 insns,   407 clks] SC(3),S(1),R(0),IO(0:0000:0|0:00|3:00),AR(080),DR(0003),AC(0003),E(0),PC(016),IR(7080: CIR      )
----------------- new insn ---------------------
     56300 [   85 insns,   408 clks] SC(0),S(1),R(0),IO(0:0000:0|0:00|3:00),AR(080),DR(0003),AC(0001),E(1),PC(016),IR(7080: CIR      )
     56400 [   85 insns,   409 clks] SC(1),S(1),R(0),IO(0:0000:0|0:00|3:00),AR(016),DR(0003),AC(0001),E(1),PC(016),IR(7080: CIR      )
     56500 [   85 insns,   410 clks] SC(2),S(1),R(0),IO(0:0000:0|0:00|3:00),AR(016),DR(0003),AC(0001),E(1),PC(017),IR(3023: STA 023  )
     56600 [   85 insns,   411 clks] SC(3),S(1),R(0),IO(0:0000:0|0:00|3:00),AR(023),DR(0003),AC(0001),E(1),PC(017),IR(3023: STA 023  )
     56700 [   85 insns,   412 clks] SC(4),S(1),R(0),IO(0:0000:0|0:00|3:00),AR(023),DR(0003),AC(0001),E(1),PC(017),IR(3023: STA 023  )
----------------- new insn ---------------------
     56800 [   86 insns,   413 clks] SC(0),S(1),R(0),IO(0:0000:0|0:00|3:00),AR(023),DR(0003),AC(0001),E(1),PC(017),IR(3023: STA 023  )
     56900 [   86 insns,   414 clks] SC(1),S(1),R(0),IO(0:0000:0|0:00|3:00),AR(017),DR(0003),AC(0001),E(1),PC(017),IR(3023: STA 023  )
     57000 [   86 insns,   415 clks] SC(2),S(1),R(0),IO(0:0000:0|0:00|3:00),AR(017),DR(0003),AC(0001),E(1),PC(018),IR(7002: SZE      )
     57100 [   86 insns,   416 clks] SC(3),S(1),R(0),IO(0:0000:0|0:00|3:00),AR(002),DR(0003),AC(0001),E(1),PC(018),IR(7002: SZE      )
----------------- new insn ---------------------
     57200 [   87 insns,   417 clks] SC(0),S(1),R(0),IO(0:0000:0|0:00|3:00),AR(002),DR(0003),AC(0001),E(1),PC(018),IR(7002: SZE      )
     57300 [   87 insns,   418 clks] SC(1),S(1),R(0),IO(0:0000:0|0:00|3:00),AR(018),DR(0003),AC(0001),E(1),PC(018),IR(7002: SZE      )
     57400 [   87 insns,   419 clks] SC(2),S(1),R(0),IO(0:0000:0|0:00|3:00),AR(018),DR(0003),AC(0001),E(1),PC(019),IR(401d: BUN 01d  )
     57500 [   87 insns,   420 clks] SC(3),S(1),R(0),IO(0:0000:0|0:00|3:00),AR(01d),DR(0003),AC(0001),E(1),PC(019),IR(401d: BUN 01d  )
     57600 [   87 insns,   421 clks] SC(4),S(1),R(0),IO(0:0000:0|0:00|3:00),AR(01d),DR(0003),AC(0001),E(1),PC(019),IR(401d: BUN 01d  )
----------------- new insn ---------------------
     57700 [   88 insns,   422 clks] SC(0),S(1),R(0),IO(0:0000:0|0:00|3:00),AR(01d),DR(0003),AC(0001),E(1),PC(01d),IR(401d: BUN 01d  )
     57800 [   88 insns,   423 clks] SC(1),S(1),R(0),IO(0:0000:0|0:00|3:00),AR(01d),DR(0003),AC(0001),E(1),PC(01d),IR(401d: BUN 01d  )
     57900 [   88 insns,   424 clks] SC(2),S(1),R(0),IO(0:0000:0|0:00|3:00),AR(01d),DR(0003),AC(0001),E(1),PC(01e),IR(2022: LDA 022  )
     58000 [   88 insns,   425 clks] SC(3),S(1),R(0),IO(0:0000:0|0:00|3:00),AR(022),DR(0003),AC(0001),E(1),PC(01e),IR(2022: LDA 022  )
     58100 [   88 insns,   426 clks] SC(4),S(1),R(0),IO(0:0000:0|0:00|3:00),AR(022),DR(0003),AC(0001),E(1),PC(01e),IR(2022: LDA 022  )
     58200 [   88 insns,   427 clks] SC(5),S(1),R(0),IO(0:0000:0|0:00|3:00),AR(022),DR(f740),AC(0001),E(1),PC(01e),IR(2022: LDA 022  )
----------------- new insn ---------------------
     58300 [   89 insns,   428 clks] SC(0),S(1),R(0),IO(0:0000:0|0:00|3:00),AR(022),DR(f740),AC(f740),E(1),PC(01e),IR(2022: LDA 022  )
     58400 [   89 insns,   429 clks] SC(1),S(1),R(0),IO(0:0000:0|0:00|3:00),AR(01e),DR(f740),AC(f740),E(1),PC(01e),IR(2022: LDA 022  )
     58500 [   89 insns,   430 clks] SC(2),S(1),R(0),IO(0:0000:0|0:00|3:00),AR(01e),DR(f740),AC(f740),E(1),PC(01f),IR(1024: ADD 024  )
     58600 [   89 insns,   431 clks] SC(3),S(1),R(0),IO(0:0000:0|0:00|3:00),AR(024),DR(f740),AC(f740),E(1),PC(01f),IR(1024: ADD 024  )
     58700 [   89 insns,   432 clks] SC(4),S(1),R(0),IO(0:0000:0|0:00|3:00),AR(024),DR(f740),AC(f740),E(1),PC(01f),IR(1024: ADD 024  )
     58800 [   89 insns,   433 clks] SC(5),S(1),R(0),IO(0:0000:0|0:00|3:00),AR(024),DR(fbe6),AC(f740),E(1),PC(01f),IR(1024: ADD 024  )
----------------- new insn ---------------------
     58900 [   90 insns,   434 clks] SC(0),S(1),R(0),IO(0:0000:0|0:00|3:00),AR(024),DR(fbe6),AC(f326),E(1),PC(01f),IR(1024: ADD 024  )
     59000 [   90 insns,   435 clks] SC(1),S(1),R(0),IO(0:0000:0|0:00|3:00),AR(01f),DR(fbe6),AC(f326),E(1),PC(01f),IR(1024: ADD 024  )
     59100 [   90 insns,   436 clks] SC(2),S(1),R(0),IO(0:0000:0|0:00|3:00),AR(01f),DR(fbe6),AC(f326),E(1),PC(020),IR(3024: STA 024  )
     59200 [   90 insns,   437 clks] SC(3),S(1),R(0),IO(0:0000:0|0:00|3:00),AR(024),DR(fbe6),AC(f326),E(1),PC(020),IR(3024: STA 024  )
     59300 [   90 insns,   438 clks] SC(4),S(1),R(0),IO(0:0000:0|0:00|3:00),AR(024),DR(fbe6),AC(f326),E(1),PC(020),IR(3024: STA 024  )
----------------- new insn ---------------------
     59400 [   91 insns,   439 clks] SC(0),S(1),R(0),IO(0:0000:0|0:00|3:00),AR(024),DR(fbe6),AC(f326),E(1),PC(020),IR(3024: STA 024  )
     59500 [   91 insns,   440 clks] SC(1),S(1),R(0),IO(0:0000:0|0:00|3:00),AR(020),DR(fbe6),AC(f326),E(1),PC(020),IR(3024: STA 024  )
     59600 [   91 insns,   441 clks] SC(2),S(1),R(0),IO(0:0000:0|0:00|3:00),AR(020),DR(fbe6),AC(f326),E(1),PC(021),IR(7400: CLE      )
     59700 [   91 insns,   442 clks] SC(3),S(1),R(0),IO(0:0000:0|0:00|3:00),AR(400),DR(fbe6),AC(f326),E(1),PC(021),IR(7400: CLE      )
----------------- new insn ---------------------
     59800 [   92 insns,   443 clks] SC(0),S(1),R(0),IO(0:0000:0|0:00|3:00),AR(400),DR(fbe6),AC(f326),E(0),PC(021),IR(7400: CLE      )
     59900 [   92 insns,   444 clks] SC(1),S(1),R(0),IO(0:0000:0|0:00|3:00),AR(021),DR(fbe6),AC(f326),E(0),PC(021),IR(7400: CLE      )
     60000 [   92 insns,   445 clks] SC(2),S(1),R(0),IO(0:0000:0|0:00|3:00),AR(021),DR(fbe6),AC(f326),E(0),PC(022),IR(4019: BUN 019  )
     60100 [   92 insns,   446 clks] SC(3),S(1),R(0),IO(0:0000:0|0:00|3:00),AR(019),DR(fbe6),AC(f326),E(0),PC(022),IR(4019: BUN 019  )
     60200 [   92 insns,   447 clks] SC(4),S(1),R(0),IO(0:0000:0|0:00|3:00),AR(019),DR(fbe6),AC(f326),E(0),PC(022),IR(4019: BUN 019  )
----------------- new insn ---------------------
     60300 [   93 insns,   448 clks] SC(0),S(1),R(0),IO(0:0000:0|0:00|3:00),AR(019),DR(fbe6),AC(f326),E(0),PC(019),IR(4019: BUN 019  )
     60400 [   93 insns,   449 clks] SC(1),S(1),R(0),IO(0:0000:0|0:00|3:00),AR(019),DR(fbe6),AC(f326),E(0),PC(019),IR(4019: BUN 019  )
     60500 [   93 insns,   450 clks] SC(2),S(1),R(0),IO(0:0000:0|0:00|3:00),AR(019),DR(fbe6),AC(f326),E(0),PC(01a),IR(2022: LDA 022  )
     60600 [   93 insns,   451 clks] SC(3),S(1),R(0),IO(0:0000:0|0:00|3:00),AR(022),DR(fbe6),AC(f326),E(0),PC(01a),IR(2022: LDA 022  )
     60700 [   93 insns,   452 clks] SC(4),S(1),R(0),IO(0:0000:0|0:00|3:00),AR(022),DR(fbe6),AC(f326),E(0),PC(01a),IR(2022: LDA 022  )
     60800 [   93 insns,   453 clks] SC(5),S(1),R(0),IO(0:0000:0|0:00|3:00),AR(022),DR(f740),AC(f326),E(0),PC(01a),IR(2022: LDA 022  )
----------------- new insn ---------------------
     60900 [   94 insns,   454 clks] SC(0),S(1),R(0),IO(0:0000:0|0:00|3:00),AR(022),DR(f740),AC(f740),E(0),PC(01a),IR(2022: LDA 022  )
     61000 [   94 insns,   455 clks] SC(1),S(1),R(0),IO(0:0000:0|0:00|3:00),AR(01a),DR(f740),AC(f740),E(0),PC(01a),IR(2022: LDA 022  )
     61100 [   94 insns,   456 clks] SC(2),S(1),R(0),IO(0:0000:0|0:00|3:00),AR(01a),DR(f740),AC(f740),E(0),PC(01b),IR(7040: CIL      )
     61200 [   94 insns,   457 clks] SC(3),S(1),R(0),IO(0:0000:0|0:00|3:00),AR(040),DR(f740),AC(f740),E(0),PC(01b),IR(7040: CIL      )
----------------- new insn ---------------------
     61300 [   95 insns,   458 clks] SC(0),S(1),R(0),IO(0:0000:0|0:00|3:00),AR(040),DR(f740),AC(ee80),E(1),PC(01b),IR(7040: CIL      )
     61400 [   95 insns,   459 clks] SC(1),S(1),R(0),IO(0:0000:0|0:00|3:00),AR(01b),DR(f740),AC(ee80),E(1),PC(01b),IR(7040: CIL      )
     61500 [   95 insns,   460 clks] SC(2),S(1),R(0),IO(0:0000:0|0:00|3:00),AR(01b),DR(f740),AC(ee80),E(1),PC(01c),IR(3022: STA 022  )
     61600 [   95 insns,   461 clks] SC(3),S(1),R(0),IO(0:0000:0|0:00|3:00),AR(022),DR(f740),AC(ee80),E(1),PC(01c),IR(3022: STA 022  )
     61700 [   95 insns,   462 clks] SC(4),S(1),R(0),IO(0:0000:0|0:00|3:00),AR(022),DR(f740),AC(ee80),E(1),PC(01c),IR(3022: STA 022  )
----------------- new insn ---------------------
     61800 [   96 insns,   463 clks] SC(0),S(1),R(0),IO(0:0000:0|0:00|3:00),AR(022),DR(f740),AC(ee80),E(1),PC(01c),IR(3022: STA 022  )
     61900 [   96 insns,   464 clks] SC(1),S(1),R(0),IO(0:0000:0|0:00|3:00),AR(01c),DR(f740),AC(ee80),E(1),PC(01c),IR(3022: STA 022  )
     62000 [   96 insns,   465 clks] SC(2),S(1),R(0),IO(0:0000:0|0:00|3:00),AR(01c),DR(f740),AC(ee80),E(1),PC(01d),IR(4010: BUN 010  )
     62100 [   96 insns,   466 clks] SC(3),S(1),R(0),IO(0:0000:0|0:00|3:00),AR(010),DR(f740),AC(ee80),E(1),PC(01d),IR(4010: BUN 010  )
     62200 [   96 insns,   467 clks] SC(4),S(1),R(0),IO(0:0000:0|0:00|3:00),AR(010),DR(f740),AC(ee80),E(1),PC(01d),IR(4010: BUN 010  )
----------------- new insn ---------------------
     62300 [   97 insns,   468 clks] SC(0),S(1),R(0),IO(0:0000:0|0:00|3:00),AR(010),DR(f740),AC(ee80),E(1),PC(010),IR(4010: BUN 010  )
     62400 [   97 insns,   469 clks] SC(1),S(1),R(0),IO(0:0000:0|0:00|3:00),AR(010),DR(f740),AC(ee80),E(1),PC(010),IR(4010: BUN 010  )
     62500 [   97 insns,   470 clks] SC(2),S(1),R(0),IO(0:0000:0|0:00|3:00),AR(010),DR(f740),AC(ee80),E(1),PC(011),IR(7400: CLE      )
     62600 [   97 insns,   471 clks] SC(3),S(1),R(0),IO(0:0000:0|0:00|3:00),AR(400),DR(f740),AC(ee80),E(1),PC(011),IR(7400: CLE      )
----------------- new insn ---------------------
     62700 [   98 insns,   472 clks] SC(0),S(1),R(0),IO(0:0000:0|0:00|3:00),AR(400),DR(f740),AC(ee80),E(0),PC(011),IR(7400: CLE      )
     62800 [   98 insns,   473 clks] SC(1),S(1),R(0),IO(0:0000:0|0:00|3:00),AR(011),DR(f740),AC(ee80),E(0),PC(011),IR(7400: CLE      )
     62900 [   98 insns,   474 clks] SC(2),S(1),R(0),IO(0:0000:0|0:00|3:00),AR(011),DR(f740),AC(ee80),E(0),PC(012),IR(2023: LDA 023  )
     63000 [   98 insns,   475 clks] SC(3),S(1),R(0),IO(0:0000:0|0:00|3:00),AR(023),DR(f740),AC(ee80),E(0),PC(012),IR(2023: LDA 023  )
     63100 [   98 insns,   476 clks] SC(4),S(1),R(0),IO(0:0000:0|0:00|3:00),AR(023),DR(f740),AC(ee80),E(0),PC(012),IR(2023: LDA 023  )
     63200 [   98 insns,   477 clks] SC(5),S(1),R(0),IO(0:0000:0|0:00|3:00),AR(023),DR(0001),AC(ee80),E(0),PC(012),IR(2023: LDA 023  )
----------------- new insn ---------------------
     63300 [   99 insns,   478 clks] SC(0),S(1),R(0),IO(0:0000:0|0:00|3:00),AR(023),DR(0001),AC(0001),E(0),PC(012),IR(2023: LDA 023  )
     63400 [   99 insns,   479 clks] SC(1),S(1),R(0),IO(0:0000:0|0:00|3:00),AR(012),DR(0001),AC(0001),E(0),PC(012),IR(2023: LDA 023  )
     63500 [   99 insns,   480 clks] SC(2),S(1),R(0),IO(0:0000:0|0:00|3:00),AR(012),DR(0001),AC(0001),E(0),PC(013),IR(7004: SZA      )
     63600 [   99 insns,   481 clks] SC(3),S(1),R(0),IO(0:0000:0|0:00|3:00),AR(004),DR(0001),AC(0001),E(0),PC(013),IR(7004: SZA      )
----------------- new insn ---------------------
     63700 [  100 insns,   482 clks] SC(0),S(1),R(0),IO(0:0000:0|0:00|3:00),AR(004),DR(0001),AC(0001),E(0),PC(013),IR(7004: SZA      )
     63800 [  100 insns,   483 clks] SC(1),S(1),R(0),IO(0:0000:0|0:00|3:00),AR(013),DR(0001),AC(0001),E(0),PC(013),IR(7004: SZA      )
     63900 [  100 insns,   484 clks] SC(2),S(1),R(0),IO(0:0000:0|0:00|3:00),AR(013),DR(0001),AC(0001),E(0),PC(014),IR(4015: BUN 015  )
     64000 [  100 insns,   485 clks] SC(3),S(1),R(0),IO(0:0000:0|0:00|3:00),AR(015),DR(0001),AC(0001),E(0),PC(014),IR(4015: BUN 015  )
     64100 [  100 insns,   486 clks] SC(4),S(1),R(0),IO(0:0000:0|0:00|3:00),AR(015),DR(0001),AC(0001),E(0),PC(014),IR(4015: BUN 015  )
----------------- new insn ---------------------
     64200 [  101 insns,   487 clks] SC(0),S(1),R(0),IO(0:0000:0|0:00|3:00),AR(015),DR(0001),AC(0001),E(0),PC(015),IR(4015: BUN 015  )
     64300 [  101 insns,   488 clks] SC(1),S(1),R(0),IO(0:0000:0|0:00|3:00),AR(015),DR(0001),AC(0001),E(0),PC(015),IR(4015: BUN 015  )
     64400 [  101 insns,   489 clks] SC(2),S(1),R(0),IO(0:0000:0|0:00|3:00),AR(015),DR(0001),AC(0001),E(0),PC(016),IR(7080: CIR      )
     64500 [  101 insns,   490 clks] SC(3),S(1),R(0),IO(0:0000:0|0:00|3:00),AR(080),DR(0001),AC(0001),E(0),PC(016),IR(7080: CIR      )
----------------- new insn ---------------------
     64600 [  102 insns,   491 clks] SC(0),S(1),R(0),IO(0:0000:0|0:00|3:00),AR(080),DR(0001),AC(0000),E(1),PC(016),IR(7080: CIR      )
     64700 [  102 insns,   492 clks] SC(1),S(1),R(0),IO(0:0000:0|0:00|3:00),AR(016),DR(0001),AC(0000),E(1),PC(016),IR(7080: CIR      )
     64800 [  102 insns,   493 clks] SC(2),S(1),R(0),IO(0:0000:0|0:00|3:00),AR(016),DR(0001),AC(0000),E(1),PC(017),IR(3023: STA 023  )
     64900 [  102 insns,   494 clks] SC(3),S(1),R(0),IO(0:0000:0|0:00|3:00),AR(023),DR(0001),AC(0000),E(1),PC(017),IR(3023: STA 023  )
     65000 [  102 insns,   495 clks] SC(4),S(1),R(0),IO(0:0000:0|0:00|3:00),AR(023),DR(0001),AC(0000),E(1),PC(017),IR(3023: STA 023  )
----------------- new insn ---------------------
     65100 [  103 insns,   496 clks] SC(0),S(1),R(0),IO(0:0000:0|0:00|3:00),AR(023),DR(0001),AC(0000),E(1),PC(017),IR(3023: STA 023  )
     65200 [  103 insns,   497 clks] SC(1),S(1),R(0),IO(0:0000:0|0:00|3:00),AR(017),DR(0001),AC(0000),E(1),PC(017),IR(3023: STA 023  )
     65300 [  103 insns,   498 clks] SC(2),S(1),R(0),IO(0:0000:0|0:00|3:00),AR(017),DR(0001),AC(0000),E(1),PC(018),IR(7002: SZE      )
     65400 [  103 insns,   499 clks] SC(3),S(1),R(0),IO(0:0000:0|0:00|3:00),AR(002),DR(0001),AC(0000),E(1),PC(018),IR(7002: SZE      )
----------------- new insn ---------------------
     65500 [  104 insns,   500 clks] SC(0),S(1),R(0),IO(0:0000:0|0:00|3:00),AR(002),DR(0001),AC(0000),E(1),PC(018),IR(7002: SZE      )
     65600 [  104 insns,   501 clks] SC(1),S(1),R(0),IO(0:0000:0|0:00|3:00),AR(018),DR(0001),AC(0000),E(1),PC(018),IR(7002: SZE      )
     65700 [  104 insns,   502 clks] SC(2),S(1),R(0),IO(0:0000:0|0:00|3:00),AR(018),DR(0001),AC(0000),E(1),PC(019),IR(401d: BUN 01d  )
     65800 [  104 insns,   503 clks] SC(3),S(1),R(0),IO(0:0000:0|0:00|3:00),AR(01d),DR(0001),AC(0000),E(1),PC(019),IR(401d: BUN 01d  )
     65900 [  104 insns,   504 clks] SC(4),S(1),R(0),IO(0:0000:0|0:00|3:00),AR(01d),DR(0001),AC(0000),E(1),PC(019),IR(401d: BUN 01d  )
----------------- new insn ---------------------
     66000 [  105 insns,   505 clks] SC(0),S(1),R(0),IO(0:0000:0|0:00|3:00),AR(01d),DR(0001),AC(0000),E(1),PC(01d),IR(401d: BUN 01d  )
     66100 [  105 insns,   506 clks] SC(1),S(1),R(0),IO(0:0000:0|0:00|3:00),AR(01d),DR(0001),AC(0000),E(1),PC(01d),IR(401d: BUN 01d  )
     66200 [  105 insns,   507 clks] SC(2),S(1),R(0),IO(0:0000:0|0:00|3:00),AR(01d),DR(0001),AC(0000),E(1),PC(01e),IR(2022: LDA 022  )
     66300 [  105 insns,   508 clks] SC(3),S(1),R(0),IO(0:0000:0|0:00|3:00),AR(022),DR(0001),AC(0000),E(1),PC(01e),IR(2022: LDA 022  )
     66400 [  105 insns,   509 clks] SC(4),S(1),R(0),IO(0:0000:0|0:00|3:00),AR(022),DR(0001),AC(0000),E(1),PC(01e),IR(2022: LDA 022  )
     66500 [  105 insns,   510 clks] SC(5),S(1),R(0),IO(0:0000:0|0:00|3:00),AR(022),DR(ee80),AC(0000),E(1),PC(01e),IR(2022: LDA 022  )
----------------- new insn ---------------------
     66600 [  106 insns,   511 clks] SC(0),S(1),R(0),IO(0:0000:0|0:00|3:00),AR(022),DR(ee80),AC(ee80),E(1),PC(01e),IR(2022: LDA 022  )
     66700 [  106 insns,   512 clks] SC(1),S(1),R(0),IO(0:0000:0|0:00|3:00),AR(01e),DR(ee80),AC(ee80),E(1),PC(01e),IR(2022: LDA 022  )
     66800 [  106 insns,   513 clks] SC(2),S(1),R(0),IO(0:0000:0|0:00|3:00),AR(01e),DR(ee80),AC(ee80),E(1),PC(01f),IR(1024: ADD 024  )
     66900 [  106 insns,   514 clks] SC(3),S(1),R(0),IO(0:0000:0|0:00|3:00),AR(024),DR(ee80),AC(ee80),E(1),PC(01f),IR(1024: ADD 024  )
     67000 [  106 insns,   515 clks] SC(4),S(1),R(0),IO(0:0000:0|0:00|3:00),AR(024),DR(ee80),AC(ee80),E(1),PC(01f),IR(1024: ADD 024  )
     67100 [  106 insns,   516 clks] SC(5),S(1),R(0),IO(0:0000:0|0:00|3:00),AR(024),DR(f326),AC(ee80),E(1),PC(01f),IR(1024: ADD 024  )
----------------- new insn ---------------------
     67200 [  107 insns,   517 clks] SC(0),S(1),R(0),IO(0:0000:0|0:00|3:00),AR(024),DR(f326),AC(e1a6),E(1),PC(01f),IR(1024: ADD 024  )
     67300 [  107 insns,   518 clks] SC(1),S(1),R(0),IO(0:0000:0|0:00|3:00),AR(01f),DR(f326),AC(e1a6),E(1),PC(01f),IR(1024: ADD 024  )
     67400 [  107 insns,   519 clks] SC(2),S(1),R(0),IO(0:0000:0|0:00|3:00),AR(01f),DR(f326),AC(e1a6),E(1),PC(020),IR(3024: STA 024  )
     67500 [  107 insns,   520 clks] SC(3),S(1),R(0),IO(0:0000:0|0:00|3:00),AR(024),DR(f326),AC(e1a6),E(1),PC(020),IR(3024: STA 024  )
     67600 [  107 insns,   521 clks] SC(4),S(1),R(0),IO(0:0000:0|0:00|3:00),AR(024),DR(f326),AC(e1a6),E(1),PC(020),IR(3024: STA 024  )
----------------- new insn ---------------------
     67700 [  108 insns,   522 clks] SC(0),S(1),R(0),IO(0:0000:0|0:00|3:00),AR(024),DR(f326),AC(e1a6),E(1),PC(020),IR(3024: STA 024  )
     67800 [  108 insns,   523 clks] SC(1),S(1),R(0),IO(0:0000:0|0:00|3:00),AR(020),DR(f326),AC(e1a6),E(1),PC(020),IR(3024: STA 024  )
     67900 [  108 insns,   524 clks] SC(2),S(1),R(0),IO(0:0000:0|0:00|3:00),AR(020),DR(f326),AC(e1a6),E(1),PC(021),IR(7400: CLE      )
     68000 [  108 insns,   525 clks] SC(3),S(1),R(0),IO(0:0000:0|0:00|3:00),AR(400),DR(f326),AC(e1a6),E(1),PC(021),IR(7400: CLE      )
----------------- new insn ---------------------
     68100 [  109 insns,   526 clks] SC(0),S(1),R(0),IO(0:0000:0|0:00|3:00),AR(400),DR(f326),AC(e1a6),E(0),PC(021),IR(7400: CLE      )
     68200 [  109 insns,   527 clks] SC(1),S(1),R(0),IO(0:0000:0|0:00|3:00),AR(021),DR(f326),AC(e1a6),E(0),PC(021),IR(7400: CLE      )
     68300 [  109 insns,   528 clks] SC(2),S(1),R(0),IO(0:0000:0|0:00|3:00),AR(021),DR(f326),AC(e1a6),E(0),PC(022),IR(4019: BUN 019  )
     68400 [  109 insns,   529 clks] SC(3),S(1),R(0),IO(0:0000:0|0:00|3:00),AR(019),DR(f326),AC(e1a6),E(0),PC(022),IR(4019: BUN 019  )
     68500 [  109 insns,   530 clks] SC(4),S(1),R(0),IO(0:0000:0|0:00|3:00),AR(019),DR(f326),AC(e1a6),E(0),PC(022),IR(4019: BUN 019  )
----------------- new insn ---------------------
     68600 [  110 insns,   531 clks] SC(0),S(1),R(0),IO(0:0000:0|0:00|3:00),AR(019),DR(f326),AC(e1a6),E(0),PC(019),IR(4019: BUN 019  )
     68700 [  110 insns,   532 clks] SC(1),S(1),R(0),IO(0:0000:0|0:00|3:00),AR(019),DR(f326),AC(e1a6),E(0),PC(019),IR(4019: BUN 019  )
     68800 [  110 insns,   533 clks] SC(2),S(1),R(0),IO(0:0000:0|0:00|3:00),AR(019),DR(f326),AC(e1a6),E(0),PC(01a),IR(2022: LDA 022  )
     68900 [  110 insns,   534 clks] SC(3),S(1),R(0),IO(0:0000:0|0:00|3:00),AR(022),DR(f326),AC(e1a6),E(0),PC(01a),IR(2022: LDA 022  )
     69000 [  110 insns,   535 clks] SC(4),S(1),R(0),IO(0:0000:0|0:00|3:00),AR(022),DR(f326),AC(e1a6),E(0),PC(01a),IR(2022: LDA 022  )
     69100 [  110 insns,   536 clks] SC(5),S(1),R(0),IO(0:0000:0|0:00|3:00),AR(022),DR(ee80),AC(e1a6),E(0),PC(01a),IR(2022: LDA 022  )
----------------- new insn ---------------------
     69200 [  111 insns,   537 clks] SC(0),S(1),R(0),IO(0:0000:0|0:00|3:00),AR(022),DR(ee80),AC(ee80),E(0),PC(01a),IR(2022: LDA 022  )
     69300 [  111 insns,   538 clks] SC(1),S(1),R(0),IO(0:0000:0|0:00|3:00),AR(01a),DR(ee80),AC(ee80),E(0),PC(01a),IR(2022: LDA 022  )
     69400 [  111 insns,   539 clks] SC(2),S(1),R(0),IO(0:0000:0|0:00|3:00),AR(01a),DR(ee80),AC(ee80),E(0),PC(01b),IR(7040: CIL      )
     69500 [  111 insns,   540 clks] SC(3),S(1),R(0),IO(0:0000:0|0:00|3:00),AR(040),DR(ee80),AC(ee80),E(0),PC(01b),IR(7040: CIL      )
----------------- new insn ---------------------
     69600 [  112 insns,   541 clks] SC(0),S(1),R(0),IO(0:0000:0|0:00|3:00),AR(040),DR(ee80),AC(dd00),E(1),PC(01b),IR(7040: CIL      )
     69700 [  112 insns,   542 clks] SC(1),S(1),R(0),IO(0:0000:0|0:00|3:00),AR(01b),DR(ee80),AC(dd00),E(1),PC(01b),IR(7040: CIL      )
     69800 [  112 insns,   543 clks] SC(2),S(1),R(0),IO(0:0000:0|0:00|3:00),AR(01b),DR(ee80),AC(dd00),E(1),PC(01c),IR(3022: STA 022  )
     69900 [  112 insns,   544 clks] SC(3),S(1),R(0),IO(0:0000:0|0:00|3:00),AR(022),DR(ee80),AC(dd00),E(1),PC(01c),IR(3022: STA 022  )
     70000 [  112 insns,   545 clks] SC(4),S(1),R(0),IO(0:0000:0|0:00|3:00),AR(022),DR(ee80),AC(dd00),E(1),PC(01c),IR(3022: STA 022  )
----------------- new insn ---------------------
     70100 [  113 insns,   546 clks] SC(0),S(1),R(0),IO(0:0000:0|0:00|3:00),AR(022),DR(ee80),AC(dd00),E(1),PC(01c),IR(3022: STA 022  )
     70200 [  113 insns,   547 clks] SC(1),S(1),R(0),IO(0:0000:0|0:00|3:00),AR(01c),DR(ee80),AC(dd00),E(1),PC(01c),IR(3022: STA 022  )
     70300 [  113 insns,   548 clks] SC(2),S(1),R(0),IO(0:0000:0|0:00|3:00),AR(01c),DR(ee80),AC(dd00),E(1),PC(01d),IR(4010: BUN 010  )
     70400 [  113 insns,   549 clks] SC(3),S(1),R(0),IO(0:0000:0|0:00|3:00),AR(010),DR(ee80),AC(dd00),E(1),PC(01d),IR(4010: BUN 010  )
     70500 [  113 insns,   550 clks] SC(4),S(1),R(0),IO(0:0000:0|0:00|3:00),AR(010),DR(ee80),AC(dd00),E(1),PC(01d),IR(4010: BUN 010  )
----------------- new insn ---------------------
     70600 [  114 insns,   551 clks] SC(0),S(1),R(0),IO(0:0000:0|0:00|3:00),AR(010),DR(ee80),AC(dd00),E(1),PC(010),IR(4010: BUN 010  )
     70700 [  114 insns,   552 clks] SC(1),S(1),R(0),IO(0:0000:0|0:00|3:00),AR(010),DR(ee80),AC(dd00),E(1),PC(010),IR(4010: BUN 010  )
     70800 [  114 insns,   553 clks] SC(2),S(1),R(0),IO(0:0000:0|0:00|3:00),AR(010),DR(ee80),AC(dd00),E(1),PC(011),IR(7400: CLE      )
     70900 [  114 insns,   554 clks] SC(3),S(1),R(0),IO(0:0000:0|0:00|3:00),AR(400),DR(ee80),AC(dd00),E(1),PC(011),IR(7400: CLE      )
----------------- new insn ---------------------
     71000 [  115 insns,   555 clks] SC(0),S(1),R(0),IO(0:0000:0|0:00|3:00),AR(400),DR(ee80),AC(dd00),E(0),PC(011),IR(7400: CLE      )
     71100 [  115 insns,   556 clks] SC(1),S(1),R(0),IO(0:0000:0|0:00|3:00),AR(011),DR(ee80),AC(dd00),E(0),PC(011),IR(7400: CLE      )
     71200 [  115 insns,   557 clks] SC(2),S(1),R(0),IO(0:0000:0|0:00|3:00),AR(011),DR(ee80),AC(dd00),E(0),PC(012),IR(2023: LDA 023  )
     71300 [  115 insns,   558 clks] SC(3),S(1),R(0),IO(0:0000:0|0:00|3:00),AR(023),DR(ee80),AC(dd00),E(0),PC(012),IR(2023: LDA 023  )
     71400 [  115 insns,   559 clks] SC(4),S(1),R(0),IO(0:0000:0|0:00|3:00),AR(023),DR(ee80),AC(dd00),E(0),PC(012),IR(2023: LDA 023  )
     71500 [  115 insns,   560 clks] SC(5),S(1),R(0),IO(0:0000:0|0:00|3:00),AR(023),DR(0000),AC(dd00),E(0),PC(012),IR(2023: LDA 023  )
----------------- new insn ---------------------
     71600 [  116 insns,   561 clks] SC(0),S(1),R(0),IO(0:0000:0|0:00|3:00),AR(023),DR(0000),AC(0000),E(0),PC(012),IR(2023: LDA 023  )
     71700 [  116 insns,   562 clks] SC(1),S(1),R(0),IO(0:0000:0|0:00|3:00),AR(012),DR(0000),AC(0000),E(0),PC(012),IR(2023: LDA 023  )
     71800 [  116 insns,   563 clks] SC(2),S(1),R(0),IO(0:0000:0|0:00|3:00),AR(012),DR(0000),AC(0000),E(0),PC(013),IR(7004: SZA      )
     71900 [  116 insns,   564 clks] SC(3),S(1),R(0),IO(0:0000:0|0:00|3:00),AR(004),DR(0000),AC(0000),E(0),PC(013),IR(7004: SZA      )
----------------- new insn ---------------------
     72000 [  117 insns,   565 clks] SC(0),S(1),R(0),IO(0:0000:0|0:00|3:00),AR(004),DR(0000),AC(0000),E(0),PC(014),IR(7004: SZA      )
     72100 [  117 insns,   566 clks] SC(1),S(1),R(0),IO(0:0000:0|0:00|3:00),AR(014),DR(0000),AC(0000),E(0),PC(014),IR(7004: SZA      )
     72200 [  117 insns,   567 clks] SC(2),S(1),R(0),IO(0:0000:0|0:00|3:00),AR(014),DR(0000),AC(0000),E(0),PC(015),IR(7001: HLT      )
     72300 [  117 insns,   568 clks] SC(3),S(1),R(0),IO(0:0000:0|0:00|3:00),AR(001),DR(0000),AC(0000),E(0),PC(015),IR(7001: HLT      )
----------------- new insn ---------------------
     72400 [  118 insns,   569 clks] SC(0),S(0),R(0),IO(0:0000:0|0:00|3:00),AR(001),DR(0000),AC(0000),E(0),PC(015),IR(7001: HLT      )
----------------- new insn ---------------------
     72500 [  119 insns,   570 clks] SC(0),S(0),R(0),IO(0:0000:0|0:00|3:00),AR(015),DR(0000),AC(0000),E(0),PC(015),IR(7001: HLT      )
-------------- program halt!! ------------------
----------------- new insn ---------------------
     72700 [  120 insns,   571 clks] SC(0),S(0),R(0),IO(0:0000:0|0:00|3:00),AR(015),DR(0000),AC(0000),E(0),PC(015),IR(7001: HLT      )
     72700 KEY[1] : 1->0->1 pulse
     73100 KEY[2] : 1->0->1 pulse
     73600 (cpu_state:2) [ 0 0 2 2] dd00 (11011101 00000000), data probe: com_addr(022), from_probe(dd00)
     73700 KEY[3] : 1->0->1 pulse
     74100 (cpu_state:2) [ 0 0 2 3] 0000 (00000000 00000000), data probe: com_addr(023), from_probe(0000)
     74200 KEY[3] : 1->0->1 pulse
     74600 (cpu_state:2) [ 0 0 2 4] e1a6 (11100001 10100110), data probe: com_addr(024), from_probe(e1a6)
     74700 KEY[3] : 1->0->1 pulse
------------------ bye bye ---------------------
$finish called from file "test_fpga_ex3.v", line 287.
$finish at simulation time                75000
           V C S   S i m u l a t i o n   R e p o r t 
Time: 75000
CPU Time:      0.520 seconds;       Data structure size:   0.1Mb
Tue Feb 26 19:32:20 2013
